mode: set
github.com/yale/meta-cc/main.go:8.13,9.38 1 0
github.com/yale/meta-cc/main.go:9.38,11.3 1 0
github.com/yale/meta-cc/internal/filter/filter.go:28.53,29.21 1 1
github.com/yale/meta-cc/internal/filter/filter.go:29.21,31.3 1 0
github.com/yale/meta-cc/internal/filter/filter.go:33.2,36.29 3 1
github.com/yale/meta-cc/internal/filter/filter.go:36.29,38.17 2 1
github.com/yale/meta-cc/internal/filter/filter.go:38.17,39.12 1 0
github.com/yale/meta-cc/internal/filter/filter.go:42.3,43.19 2 1
github.com/yale/meta-cc/internal/filter/filter.go:43.19,45.4 1 1
github.com/yale/meta-cc/internal/filter/filter.go:47.3,50.5 1 1
github.com/yale/meta-cc/internal/filter/filter.go:53.2,53.20 1 1
github.com/yale/meta-cc/internal/filter/filter.go:58.64,59.50 1 1
github.com/yale/meta-cc/internal/filter/filter.go:59.50,61.3 1 1
github.com/yale/meta-cc/internal/filter/filter.go:63.2,63.26 1 1
github.com/yale/meta-cc/internal/filter/filter.go:64.25,65.36 1 1
github.com/yale/meta-cc/internal/filter/filter.go:66.29,67.41 1 1
github.com/yale/meta-cc/internal/filter/filter.go:68.10,70.14 1 0
github.com/yale/meta-cc/internal/filter/filter.go:74.85,77.31 2 1
github.com/yale/meta-cc/internal/filter/filter.go:77.31,78.34 1 1
github.com/yale/meta-cc/internal/filter/filter.go:78.34,80.4 1 1
github.com/yale/meta-cc/internal/filter/filter.go:83.2,83.15 1 1
github.com/yale/meta-cc/internal/filter/filter.go:86.63,87.41 1 1
github.com/yale/meta-cc/internal/filter/filter.go:87.41,88.21 1 1
github.com/yale/meta-cc/internal/filter/filter.go:89.17,90.31 1 1
github.com/yale/meta-cc/internal/filter/filter.go:90.31,92.5 1 1
github.com/yale/meta-cc/internal/filter/filter.go:93.15,94.33 1 1
github.com/yale/meta-cc/internal/filter/filter.go:94.33,96.5 1 1
github.com/yale/meta-cc/internal/filter/filter.go:97.15,98.29 1 0
github.com/yale/meta-cc/internal/filter/filter.go:98.29,100.5 1 0
github.com/yale/meta-cc/internal/filter/filter.go:104.2,104.13 1 1
github.com/yale/meta-cc/internal/filter/filter.go:107.96,110.32 2 1
github.com/yale/meta-cc/internal/filter/filter.go:110.32,111.41 1 1
github.com/yale/meta-cc/internal/filter/filter.go:111.41,113.4 1 1
github.com/yale/meta-cc/internal/filter/filter.go:116.2,116.15 1 1
github.com/yale/meta-cc/internal/filter/filter.go:119.74,120.41 1 1
github.com/yale/meta-cc/internal/filter/filter.go:120.41,121.21 1 1
github.com/yale/meta-cc/internal/filter/filter.go:122.15,123.32 1 1
github.com/yale/meta-cc/internal/filter/filter.go:123.32,125.5 1 1
github.com/yale/meta-cc/internal/filter/filter.go:126.15,127.32 1 0
github.com/yale/meta-cc/internal/filter/filter.go:127.32,129.5 1 0
github.com/yale/meta-cc/internal/filter/filter.go:130.15,131.64 1 0
github.com/yale/meta-cc/internal/filter/filter.go:131.64,133.5 1 0
github.com/yale/meta-cc/internal/filter/filter.go:137.2,137.13 1 1
github.com/yale/meta-cc/internal/filter/filter.go:141.63,143.9 2 1
github.com/yale/meta-cc/internal/filter/filter.go:143.9,145.3 1 1
github.com/yale/meta-cc/internal/filter/filter.go:147.2,147.32 1 1
github.com/yale/meta-cc/internal/filter/filter.go:147.32,148.21 1 1
github.com/yale/meta-cc/internal/filter/filter.go:148.21,150.4 1 1
github.com/yale/meta-cc/internal/filter/filter.go:153.2,153.93 1 1
github.com/yale/meta-cc/internal/filter/filter.go:158.57,160.2 1 1
github.com/yale/meta-cc/internal/filter/filter.go:163.87,165.16 2 1
github.com/yale/meta-cc/internal/filter/filter.go:165.16,167.3 1 0
github.com/yale/meta-cc/internal/filter/filter.go:170.2,170.41 1 1
github.com/yale/meta-cc/internal/filter/filter.go:170.41,171.67 1 1
github.com/yale/meta-cc/internal/filter/filter.go:171.67,174.4 1 1
github.com/yale/meta-cc/internal/filter/filter.go:177.2,177.39 1 1
github.com/yale/meta-cc/internal/filter/pagination.go:21.90,23.23 1 1
github.com/yale/meta-cc/internal/filter/pagination.go:23.23,25.3 1 1
github.com/yale/meta-cc/internal/filter/pagination.go:28.2,28.33 1 1
github.com/yale/meta-cc/internal/filter/pagination.go:28.33,30.3 1 1
github.com/yale/meta-cc/internal/filter/pagination.go:32.2,36.22 3 1
github.com/yale/meta-cc/internal/filter/pagination.go:36.22,38.23 2 1
github.com/yale/meta-cc/internal/filter/pagination.go:38.23,40.4 1 1
github.com/yale/meta-cc/internal/filter/pagination.go:43.2,43.25 1 1
github.com/yale/meta-cc/internal/filter/pagination.go:47.86,49.23 1 1
github.com/yale/meta-cc/internal/filter/pagination.go:49.23,51.3 1 0
github.com/yale/meta-cc/internal/filter/pagination.go:54.2,55.49 2 1
github.com/yale/meta-cc/internal/filter/pagination.go:55.49,57.3 1 1
github.com/yale/meta-cc/internal/filter/pagination.go:58.2,58.18 1 1
github.com/yale/meta-cc/internal/filter/pagination.go:58.18,60.3 1 1
github.com/yale/meta-cc/internal/filter/pagination.go:63.2,64.22 2 1
github.com/yale/meta-cc/internal/filter/pagination.go:64.22,66.3 1 1
github.com/yale/meta-cc/internal/filter/pagination.go:68.2,74.3 1 1
github.com/yale/meta-cc/internal/filter/time.go:21.90,23.72 1 1
github.com/yale/meta-cc/internal/filter/time.go:23.72,25.3 1 1
github.com/yale/meta-cc/internal/filter/time.go:28.2,28.22 1 1
github.com/yale/meta-cc/internal/filter/time.go:28.22,29.35 1 1
github.com/yale/meta-cc/internal/filter/time.go:29.35,31.4 1 0
github.com/yale/meta-cc/internal/filter/time.go:32.3,32.50 1 1
github.com/yale/meta-cc/internal/filter/time.go:36.2,37.19 2 1
github.com/yale/meta-cc/internal/filter/time.go:37.19,39.17 2 1
github.com/yale/meta-cc/internal/filter/time.go:39.17,41.4 1 0
github.com/yale/meta-cc/internal/filter/time.go:42.3,42.41 1 1
github.com/yale/meta-cc/internal/filter/time.go:46.2,47.32 2 1
github.com/yale/meta-cc/internal/filter/time.go:47.32,49.17 2 1
github.com/yale/meta-cc/internal/filter/time.go:49.17,51.12 1 0
github.com/yale/meta-cc/internal/filter/time.go:55.3,55.52 1 1
github.com/yale/meta-cc/internal/filter/time.go:55.52,56.12 1 1
github.com/yale/meta-cc/internal/filter/time.go:60.3,60.50 1 1
github.com/yale/meta-cc/internal/filter/time.go:60.50,61.12 1 1
github.com/yale/meta-cc/internal/filter/time.go:65.3,65.46 1 1
github.com/yale/meta-cc/internal/filter/time.go:65.46,66.12 1 0
github.com/yale/meta-cc/internal/filter/time.go:69.3,69.33 1 1
github.com/yale/meta-cc/internal/filter/time.go:72.2,72.20 1 1
github.com/yale/meta-cc/internal/filter/time.go:76.53,82.35 2 1
github.com/yale/meta-cc/internal/filter/time.go:82.35,84.3 1 1
github.com/yale/meta-cc/internal/filter/time.go:87.2,92.21 4 1
github.com/yale/meta-cc/internal/filter/time.go:92.21,94.3 1 0
github.com/yale/meta-cc/internal/filter/time.go:97.2,98.16 2 1
github.com/yale/meta-cc/internal/filter/time.go:98.16,100.3 1 0
github.com/yale/meta-cc/internal/filter/time.go:103.2,106.51 2 1
github.com/yale/meta-cc/internal/filter/time.go:106.51,108.3 1 1
github.com/yale/meta-cc/internal/filter/time.go:110.2,111.14 2 1
github.com/yale/meta-cc/internal/filter/time.go:112.16,113.46 1 1
github.com/yale/meta-cc/internal/filter/time.go:114.16,115.46 1 1
github.com/yale/meta-cc/internal/filter/time.go:116.14,117.44 1 1
github.com/yale/meta-cc/internal/filter/time.go:118.13,119.49 1 0
github.com/yale/meta-cc/internal/filter/time.go:120.10,121.54 1 0
github.com/yale/meta-cc/internal/filter/time.go:124.2,124.22 1 1
github.com/yale/meta-cc/internal/analyzer/errors.go:11.65,14.26 2 1
github.com/yale/meta-cc/internal/analyzer/errors.go:14.26,16.3 1 1
github.com/yale/meta-cc/internal/analyzer/errors.go:19.2,25.37 3 1
github.com/yale/meta-cc/internal/analyzer/patterns.go:32.101,35.32 2 1
github.com/yale/meta-cc/internal/analyzer/patterns.go:35.32,37.3 1 1
github.com/yale/meta-cc/internal/analyzer/patterns.go:40.2,41.32 2 1
github.com/yale/meta-cc/internal/analyzer/patterns.go:41.32,43.3 1 1
github.com/yale/meta-cc/internal/analyzer/patterns.go:46.2,48.31 2 1
github.com/yale/meta-cc/internal/analyzer/patterns.go:48.31,50.45 1 1
github.com/yale/meta-cc/internal/analyzer/patterns.go:50.45,51.12 1 1
github.com/yale/meta-cc/internal/analyzer/patterns.go:55.3,58.62 2 1
github.com/yale/meta-cc/internal/analyzer/patterns.go:62.2,64.44 2 1
github.com/yale/meta-cc/internal/analyzer/patterns.go:64.44,65.21 1 1
github.com/yale/meta-cc/internal/analyzer/patterns.go:65.21,66.12 1 1
github.com/yale/meta-cc/internal/analyzer/patterns.go:70.3,82.26 3 1
github.com/yale/meta-cc/internal/analyzer/patterns.go:82.26,86.4 3 1
github.com/yale/meta-cc/internal/analyzer/patterns.go:88.3,88.39 1 1
github.com/yale/meta-cc/internal/analyzer/patterns.go:92.2,92.43 1 1
github.com/yale/meta-cc/internal/analyzer/patterns.go:92.43,94.3 1 1
github.com/yale/meta-cc/internal/analyzer/patterns.go:96.2,96.17 1 1
github.com/yale/meta-cc/internal/analyzer/patterns.go:100.133,106.31 2 1
github.com/yale/meta-cc/internal/analyzer/patterns.go:106.31,108.50 2 1
github.com/yale/meta-cc/internal/analyzer/patterns.go:108.50,110.4 1 1
github.com/yale/meta-cc/internal/analyzer/patterns.go:113.2,113.16 1 1
github.com/yale/meta-cc/internal/analyzer/patterns.go:117.97,120.31 2 1
github.com/yale/meta-cc/internal/analyzer/patterns.go:120.31,121.63 1 1
github.com/yale/meta-cc/internal/analyzer/patterns.go:121.63,123.4 1 1
github.com/yale/meta-cc/internal/analyzer/patterns.go:127.2,129.19 2 1
github.com/yale/meta-cc/internal/analyzer/patterns.go:133.48,134.31 1 1
github.com/yale/meta-cc/internal/analyzer/patterns.go:134.31,136.3 1 0
github.com/yale/meta-cc/internal/analyzer/patterns.go:138.2,141.32 3 1
github.com/yale/meta-cc/internal/analyzer/patterns.go:141.32,143.3 1 0
github.com/yale/meta-cc/internal/analyzer/patterns.go:145.2,145.47 1 1
github.com/yale/meta-cc/internal/analyzer/stats.go:30.94,37.32 3 1
github.com/yale/meta-cc/internal/analyzer/stats.go:37.32,38.27 1 1
github.com/yale/meta-cc/internal/analyzer/stats.go:38.27,40.4 1 1
github.com/yale/meta-cc/internal/analyzer/stats.go:40.9,40.39 1 1
github.com/yale/meta-cc/internal/analyzer/stats.go:40.39,42.4 1 1
github.com/yale/meta-cc/internal/analyzer/stats.go:46.2,47.31 2 1
github.com/yale/meta-cc/internal/analyzer/stats.go:47.31,49.45 1 1
github.com/yale/meta-cc/internal/analyzer/stats.go:49.45,51.4 1 1
github.com/yale/meta-cc/internal/analyzer/stats.go:54.3,54.37 1 1
github.com/yale/meta-cc/internal/analyzer/stats.go:58.2,58.29 1 1
github.com/yale/meta-cc/internal/analyzer/stats.go:58.29,60.3 1 1
github.com/yale/meta-cc/internal/analyzer/stats.go:63.2,63.23 1 1
github.com/yale/meta-cc/internal/analyzer/stats.go:63.23,67.33 3 1
github.com/yale/meta-cc/internal/analyzer/stats.go:67.33,69.4 1 1
github.com/yale/meta-cc/internal/analyzer/stats.go:73.2,75.14 2 1
github.com/yale/meta-cc/internal/analyzer/stats.go:79.71,82.37 2 1
github.com/yale/meta-cc/internal/analyzer/stats.go:82.37,84.3 1 1
github.com/yale/meta-cc/internal/analyzer/stats.go:87.2,87.40 1 1
github.com/yale/meta-cc/internal/analyzer/stats.go:87.40,88.39 1 1
github.com/yale/meta-cc/internal/analyzer/stats.go:88.39,91.4 1 1
github.com/yale/meta-cc/internal/analyzer/stats.go:92.3,92.41 1 1
github.com/yale/meta-cc/internal/analyzer/stats.go:96.2,96.23 1 1
github.com/yale/meta-cc/internal/analyzer/stats.go:96.23,98.3 1 0
github.com/yale/meta-cc/internal/analyzer/stats.go:100.2,100.14 1 1
github.com/yale/meta-cc/internal/analyzer/workflow.go:83.105,91.44 3 1
github.com/yale/meta-cc/internal/analyzer/workflow.go:91.44,93.3 1 1
github.com/yale/meta-cc/internal/analyzer/workflow.go:96.2,100.3 2 1
github.com/yale/meta-cc/internal/analyzer/workflow.go:104.86,109.31 3 1
github.com/yale/meta-cc/internal/analyzer/workflow.go:109.31,112.21 2 1
github.com/yale/meta-cc/internal/analyzer/workflow.go:112.21,113.12 1 0
github.com/yale/meta-cc/internal/analyzer/workflow.go:117.3,118.19 2 1
github.com/yale/meta-cc/internal/analyzer/workflow.go:118.19,119.12 1 0
github.com/yale/meta-cc/internal/analyzer/workflow.go:123.3,126.49 2 1
github.com/yale/meta-cc/internal/analyzer/workflow.go:126.49,132.4 1 1
github.com/yale/meta-cc/internal/analyzer/workflow.go:134.3,137.17 3 1
github.com/yale/meta-cc/internal/analyzer/workflow.go:138.15,139.21 1 1
github.com/yale/meta-cc/internal/analyzer/workflow.go:140.15,141.21 1 1
github.com/yale/meta-cc/internal/analyzer/workflow.go:142.16,143.22 1 0
github.com/yale/meta-cc/internal/analyzer/workflow.go:146.3,146.36 1 1
github.com/yale/meta-cc/internal/analyzer/workflow.go:146.36,148.4 1 1
github.com/yale/meta-cc/internal/analyzer/workflow.go:149.3,149.35 1 1
github.com/yale/meta-cc/internal/analyzer/workflow.go:149.35,151.4 1 1
github.com/yale/meta-cc/internal/analyzer/workflow.go:155.2,156.35 2 1
github.com/yale/meta-cc/internal/analyzer/workflow.go:156.35,157.39 1 1
github.com/yale/meta-cc/internal/analyzer/workflow.go:157.39,159.44 2 1
github.com/yale/meta-cc/internal/analyzer/workflow.go:159.44,161.5 1 1
github.com/yale/meta-cc/internal/analyzer/workflow.go:163.4,172.6 1 1
github.com/yale/meta-cc/internal/analyzer/workflow.go:177.2,177.49 1 1
github.com/yale/meta-cc/internal/analyzer/workflow.go:177.49,179.3 1 1
github.com/yale/meta-cc/internal/analyzer/workflow.go:181.2,183.3 1 1
github.com/yale/meta-cc/internal/analyzer/workflow.go:187.92,198.32 4 1
github.com/yale/meta-cc/internal/analyzer/workflow.go:198.32,199.44 1 1
github.com/yale/meta-cc/internal/analyzer/workflow.go:199.44,204.4 1 1
github.com/yale/meta-cc/internal/analyzer/workflow.go:208.2,208.51 1 1
github.com/yale/meta-cc/internal/analyzer/workflow.go:208.51,210.3 1 1
github.com/yale/meta-cc/internal/analyzer/workflow.go:213.2,216.47 3 1
github.com/yale/meta-cc/internal/analyzer/workflow.go:216.47,223.36 5 1
github.com/yale/meta-cc/internal/analyzer/workflow.go:223.36,224.12 1 0
github.com/yale/meta-cc/internal/analyzer/workflow.go:227.3,228.29 2 1
github.com/yale/meta-cc/internal/analyzer/workflow.go:228.29,243.4 4 1
github.com/yale/meta-cc/internal/analyzer/workflow.go:246.2,248.3 1 1
github.com/yale/meta-cc/internal/analyzer/workflow.go:271.67,274.32 3 1
github.com/yale/meta-cc/internal/analyzer/workflow.go:274.32,275.24 1 1
github.com/yale/meta-cc/internal/analyzer/workflow.go:275.24,278.4 2 1
github.com/yale/meta-cc/internal/analyzer/workflow.go:280.2,280.18 1 1
github.com/yale/meta-cc/internal/analyzer/workflow.go:283.108,287.31 3 1
github.com/yale/meta-cc/internal/analyzer/workflow.go:287.31,288.41 1 1
github.com/yale/meta-cc/internal/analyzer/workflow.go:288.41,296.4 1 1
github.com/yale/meta-cc/internal/analyzer/workflow.go:299.2,299.15 1 1
github.com/yale/meta-cc/internal/analyzer/workflow.go:302.133,307.29 3 1
github.com/yale/meta-cc/internal/analyzer/workflow.go:307.29,309.3 1 1
github.com/yale/meta-cc/internal/analyzer/workflow.go:311.2,311.54 1 1
github.com/yale/meta-cc/internal/analyzer/workflow.go:311.54,312.47 1 1
github.com/yale/meta-cc/internal/analyzer/workflow.go:312.47,315.32 2 1
github.com/yale/meta-cc/internal/analyzer/workflow.go:315.32,317.5 1 1
github.com/yale/meta-cc/internal/analyzer/workflow.go:320.4,324.32 3 1
github.com/yale/meta-cc/internal/analyzer/workflow.go:324.32,332.5 2 1
github.com/yale/meta-cc/internal/analyzer/workflow.go:334.4,340.67 2 1
github.com/yale/meta-cc/internal/analyzer/workflow.go:345.2,346.48 2 1
github.com/yale/meta-cc/internal/analyzer/workflow.go:346.48,347.41 1 1
github.com/yale/meta-cc/internal/analyzer/workflow.go:347.41,361.4 3 1
github.com/yale/meta-cc/internal/analyzer/workflow.go:365.2,365.41 1 1
github.com/yale/meta-cc/internal/analyzer/workflow.go:365.41,366.41 1 0
github.com/yale/meta-cc/internal/analyzer/workflow.go:366.41,368.4 1 0
github.com/yale/meta-cc/internal/analyzer/workflow.go:369.3,369.45 1 0
github.com/yale/meta-cc/internal/analyzer/workflow.go:372.2,372.15 1 1
github.com/yale/meta-cc/internal/analyzer/workflow.go:375.101,376.27 1 1
github.com/yale/meta-cc/internal/analyzer/workflow.go:376.27,378.3 1 0
github.com/yale/meta-cc/internal/analyzer/workflow.go:380.2,382.34 2 1
github.com/yale/meta-cc/internal/analyzer/workflow.go:382.34,384.33 1 1
github.com/yale/meta-cc/internal/analyzer/workflow.go:384.33,386.15 2 1
github.com/yale/meta-cc/internal/analyzer/workflow.go:386.15,387.13 1 0
github.com/yale/meta-cc/internal/analyzer/workflow.go:391.4,391.24 1 1
github.com/yale/meta-cc/internal/analyzer/workflow.go:391.24,392.35 1 1
github.com/yale/meta-cc/internal/analyzer/workflow.go:392.35,394.34 1 1
github.com/yale/meta-cc/internal/analyzer/workflow.go:394.34,396.7 1 1
github.com/yale/meta-cc/internal/analyzer/workflow.go:397.6,397.20 1 1
github.com/yale/meta-cc/internal/analyzer/workflow.go:397.20,399.7 1 1
github.com/yale/meta-cc/internal/analyzer/workflow.go:400.6,400.11 1 1
github.com/yale/meta-cc/internal/analyzer/workflow.go:406.2,406.30 1 1
github.com/yale/meta-cc/internal/analyzer/workflow.go:406.30,408.3 1 0
github.com/yale/meta-cc/internal/analyzer/workflow.go:410.2,410.34 1 1
github.com/yale/meta-cc/internal/analyzer/workflow.go:413.57,416.35 2 1
github.com/yale/meta-cc/internal/analyzer/workflow.go:416.35,417.37 1 1
github.com/yale/meta-cc/internal/analyzer/workflow.go:417.37,418.58 1 1
github.com/yale/meta-cc/internal/analyzer/workflow.go:418.58,420.5 1 1
github.com/yale/meta-cc/internal/analyzer/workflow.go:424.2,424.11 1 1
github.com/yale/meta-cc/internal/analyzer/workflow.go:427.60,428.27 1 1
github.com/yale/meta-cc/internal/analyzer/workflow.go:428.27,429.41 1 1
github.com/yale/meta-cc/internal/analyzer/workflow.go:429.41,430.35 1 0
github.com/yale/meta-cc/internal/analyzer/workflow.go:430.35,433.23 2 0
github.com/yale/meta-cc/internal/analyzer/workflow.go:433.23,435.6 1 0
github.com/yale/meta-cc/internal/analyzer/workflow.go:439.2,439.11 1 1
github.com/yale/meta-cc/internal/analyzer/workflow.go:442.44,443.18 1 1
github.com/yale/meta-cc/internal/analyzer/workflow.go:444.14,445.16 1 1
github.com/yale/meta-cc/internal/analyzer/workflow.go:446.14,447.16 1 1
github.com/yale/meta-cc/internal/analyzer/workflow.go:448.15,449.17 1 0
github.com/yale/meta-cc/internal/analyzer/workflow.go:450.22,451.16 1 0
github.com/yale/meta-cc/internal/analyzer/workflow.go:452.10,453.12 1 0
github.com/yale/meta-cc/internal/analyzer/workflow.go:457.77,458.32 1 1
github.com/yale/meta-cc/internal/analyzer/workflow.go:458.32,459.25 1 1
github.com/yale/meta-cc/internal/analyzer/workflow.go:459.25,461.4 1 1
github.com/yale/meta-cc/internal/analyzer/workflow.go:463.2,463.10 1 0
github.com/yale/meta-cc/internal/analyzer/workflow.go:466.38,468.16 2 1
github.com/yale/meta-cc/internal/analyzer/workflow.go:468.16,470.3 1 0
github.com/yale/meta-cc/internal/analyzer/workflow.go:471.2,471.17 1 1
github.com/yale/meta-cc/internal/analyzer/workflow.go:474.75,480.26 2 1
github.com/yale/meta-cc/internal/analyzer/workflow.go:480.26,482.47 1 1
github.com/yale/meta-cc/internal/analyzer/workflow.go:482.47,483.56 1 1
github.com/yale/meta-cc/internal/analyzer/workflow.go:483.56,485.5 1 1
github.com/yale/meta-cc/internal/analyzer/workflow.go:485.10,485.69 1 0
github.com/yale/meta-cc/internal/analyzer/workflow.go:485.69,487.57 2 0
github.com/yale/meta-cc/internal/analyzer/workflow.go:487.57,489.6 1 0
github.com/yale/meta-cc/internal/analyzer/workflow.go:490.10,490.55 1 0
github.com/yale/meta-cc/internal/analyzer/workflow.go:490.55,493.27 2 0
github.com/yale/meta-cc/internal/analyzer/workflow.go:493.27,495.6 1 0
github.com/yale/meta-cc/internal/analyzer/workflow.go:496.5,496.26 1 0
github.com/yale/meta-cc/internal/analyzer/workflow.go:501.2,501.12 1 1
github.com/yale/meta-cc/internal/locator/args.go:13.74,15.16 2 1
github.com/yale/meta-cc/internal/locator/args.go:15.16,17.3 1 0
github.com/yale/meta-cc/internal/locator/args.go:19.2,20.57 2 1
github.com/yale/meta-cc/internal/locator/args.go:20.57,22.3 1 0
github.com/yale/meta-cc/internal/locator/args.go:25.2,26.16 2 1
github.com/yale/meta-cc/internal/locator/args.go:26.16,28.3 1 0
github.com/yale/meta-cc/internal/locator/args.go:30.2,33.41 3 1
github.com/yale/meta-cc/internal/locator/args.go:33.41,34.26 1 1
github.com/yale/meta-cc/internal/locator/args.go:34.26,35.12 1 0
github.com/yale/meta-cc/internal/locator/args.go:38.3,39.49 2 1
github.com/yale/meta-cc/internal/locator/args.go:39.49,41.4 1 1
github.com/yale/meta-cc/internal/locator/args.go:44.2,44.26 1 1
github.com/yale/meta-cc/internal/locator/args.go:44.26,46.3 1 1
github.com/yale/meta-cc/internal/locator/args.go:49.2,49.35 1 1
github.com/yale/meta-cc/internal/locator/args.go:56.78,61.16 3 1
github.com/yale/meta-cc/internal/locator/args.go:61.16,63.3 1 0
github.com/yale/meta-cc/internal/locator/args.go:65.2,66.55 2 1
github.com/yale/meta-cc/internal/locator/args.go:66.55,68.3 1 1
github.com/yale/meta-cc/internal/locator/args.go:71.2,72.16 2 1
github.com/yale/meta-cc/internal/locator/args.go:72.16,74.3 1 0
github.com/yale/meta-cc/internal/locator/args.go:76.2,76.24 1 1
github.com/yale/meta-cc/internal/locator/args.go:76.24,78.3 1 0
github.com/yale/meta-cc/internal/locator/args.go:81.2,81.33 1 1
github.com/yale/meta-cc/internal/locator/args.go:86.37,88.2 1 1
github.com/yale/meta-cc/internal/locator/env.go:13.42,15.2 1 1
github.com/yale/meta-cc/internal/locator/env.go:25.52,27.21 2 1
github.com/yale/meta-cc/internal/locator/env.go:27.21,29.3 1 1
github.com/yale/meta-cc/internal/locator/env.go:31.2,32.23 2 1
github.com/yale/meta-cc/internal/locator/env.go:32.23,34.3 1 1
github.com/yale/meta-cc/internal/locator/env.go:37.2,38.16 2 1
github.com/yale/meta-cc/internal/locator/env.go:38.16,40.3 1 0
github.com/yale/meta-cc/internal/locator/env.go:42.2,51.56 2 1
github.com/yale/meta-cc/internal/locator/env.go:51.56,53.3 1 1
github.com/yale/meta-cc/internal/locator/env.go:53.8,53.23 1 1
github.com/yale/meta-cc/internal/locator/env.go:53.23,55.3 1 0
github.com/yale/meta-cc/internal/locator/env.go:57.2,57.25 1 1
github.com/yale/meta-cc/internal/locator/helpers.go:9.53,10.21 1 1
github.com/yale/meta-cc/internal/locator/helpers.go:10.21,12.3 1 0
github.com/yale/meta-cc/internal/locator/helpers.go:14.2,17.29 3 1
github.com/yale/meta-cc/internal/locator/helpers.go:17.29,19.17 2 1
github.com/yale/meta-cc/internal/locator/helpers.go:19.17,20.12 1 0
github.com/yale/meta-cc/internal/locator/helpers.go:23.3,24.27 2 1
github.com/yale/meta-cc/internal/locator/helpers.go:24.27,27.4 2 1
github.com/yale/meta-cc/internal/locator/helpers.go:30.2,30.22 1 1
github.com/yale/meta-cc/internal/locator/helpers.go:30.22,32.3 1 0
github.com/yale/meta-cc/internal/locator/helpers.go:34.2,34.24 1 1
github.com/yale/meta-cc/internal/locator/locator.go:21.69,23.38 1 1
github.com/yale/meta-cc/internal/locator/locator.go:23.38,25.17 2 0
github.com/yale/meta-cc/internal/locator/locator.go:25.17,27.4 1 0
github.com/yale/meta-cc/internal/locator/locator.go:32.2,32.26 1 1
github.com/yale/meta-cc/internal/locator/locator.go:32.26,34.17 2 0
github.com/yale/meta-cc/internal/locator/locator.go:34.17,36.4 1 0
github.com/yale/meta-cc/internal/locator/locator.go:38.3,38.76 1 0
github.com/yale/meta-cc/internal/locator/locator.go:42.2,42.28 1 1
github.com/yale/meta-cc/internal/locator/locator.go:42.28,44.17 2 0
github.com/yale/meta-cc/internal/locator/locator.go:44.17,46.4 1 0
github.com/yale/meta-cc/internal/locator/locator.go:48.3,48.87 1 0
github.com/yale/meta-cc/internal/locator/locator.go:52.2,53.16 2 1
github.com/yale/meta-cc/internal/locator/locator.go:53.16,55.3 1 0
github.com/yale/meta-cc/internal/locator/locator.go:57.2,58.16 2 1
github.com/yale/meta-cc/internal/locator/locator.go:58.16,60.3 1 0
github.com/yale/meta-cc/internal/locator/locator.go:62.2,62.118 1 1
github.com/yale/meta-cc/internal/testutil/fixtures.go:10.26,18.39 2 1
github.com/yale/meta-cc/internal/testutil/fixtures.go:18.39,19.47 1 1
github.com/yale/meta-cc/internal/testutil/fixtures.go:19.47,21.4 1 1
github.com/yale/meta-cc/internal/testutil/fixtures.go:25.2,25.31 1 0
github.com/yale/meta-cc/internal/testutil/fixtures.go:29.56,34.16 4 1
github.com/yale/meta-cc/internal/testutil/fixtures.go:34.16,36.3 1 0
github.com/yale/meta-cc/internal/testutil/fixtures.go:38.2,38.13 1 1
github.com/yale/meta-cc/internal/testutil/fixtures.go:42.59,46.16 3 1
github.com/yale/meta-cc/internal/testutil/fixtures.go:46.16,48.3 1 0
github.com/yale/meta-cc/internal/testutil/fixtures.go:50.2,50.56 1 1
github.com/yale/meta-cc/internal/testutil/fixtures.go:50.56,52.3 1 0
github.com/yale/meta-cc/internal/testutil/fixtures.go:54.2,55.19 2 1
github.com/yale/meta-cc/internal/testutil/fixtures.go:55.19,55.48 1 1
github.com/yale/meta-cc/internal/testutil/fixtures.go:57.2,57.23 1 1
github.com/yale/meta-cc/internal/testutil/time.go:8.40,10.2 1 0
github.com/yale/meta-cc/internal/parser/reader.go:17.55,21.2 1 1
github.com/yale/meta-cc/internal/parser/reader.go:30.64,32.16 2 1
github.com/yale/meta-cc/internal/parser/reader.go:32.16,34.3 1 1
github.com/yale/meta-cc/internal/parser/reader.go:35.2,47.21 8 1
github.com/yale/meta-cc/internal/parser/reader.go:47.21,52.36 3 1
github.com/yale/meta-cc/internal/parser/reader.go:52.36,53.12 1 1
github.com/yale/meta-cc/internal/parser/reader.go:57.3,58.62 2 1
github.com/yale/meta-cc/internal/parser/reader.go:58.62,60.4 1 1
github.com/yale/meta-cc/internal/parser/reader.go:63.3,63.24 1 1
github.com/yale/meta-cc/internal/parser/reader.go:63.24,65.4 1 1
github.com/yale/meta-cc/internal/parser/reader.go:68.2,68.38 1 1
github.com/yale/meta-cc/internal/parser/reader.go:68.38,70.3 1 0
github.com/yale/meta-cc/internal/parser/reader.go:72.2,72.21 1 1
github.com/yale/meta-cc/internal/parser/reader.go:76.70,80.35 3 0
github.com/yale/meta-cc/internal/parser/reader.go:80.35,82.36 1 0
github.com/yale/meta-cc/internal/parser/reader.go:82.36,83.12 1 0
github.com/yale/meta-cc/internal/parser/reader.go:86.3,87.62 2 0
github.com/yale/meta-cc/internal/parser/reader.go:87.62,89.4 1 0
github.com/yale/meta-cc/internal/parser/reader.go:92.3,92.24 1 0
github.com/yale/meta-cc/internal/parser/reader.go:92.24,94.4 1 0
github.com/yale/meta-cc/internal/parser/reader.go:97.2,97.21 1 0
github.com/yale/meta-cc/internal/parser/tools.go:18.58,25.32 2 1
github.com/yale/meta-cc/internal/parser/tools.go:25.32,27.27 1 1
github.com/yale/meta-cc/internal/parser/tools.go:27.27,28.12 1 0
github.com/yale/meta-cc/internal/parser/tools.go:31.3,31.47 1 1
github.com/yale/meta-cc/internal/parser/tools.go:31.47,32.56 1 1
github.com/yale/meta-cc/internal/parser/tools.go:32.56,40.5 1 1
github.com/yale/meta-cc/internal/parser/tools.go:45.2,47.32 2 1
github.com/yale/meta-cc/internal/parser/tools.go:47.32,49.27 1 1
github.com/yale/meta-cc/internal/parser/tools.go:49.27,50.12 1 0
github.com/yale/meta-cc/internal/parser/tools.go:53.3,53.47 1 1
github.com/yale/meta-cc/internal/parser/tools.go:53.47,54.62 1 1
github.com/yale/meta-cc/internal/parser/tools.go:54.62,56.5 1 1
github.com/yale/meta-cc/internal/parser/tools.go:61.2,63.40 2 1
github.com/yale/meta-cc/internal/parser/tools.go:63.40,71.55 2 1
github.com/yale/meta-cc/internal/parser/tools.go:71.55,75.4 3 1
github.com/yale/meta-cc/internal/parser/tools.go:77.3,77.42 1 1
github.com/yale/meta-cc/internal/parser/tools.go:80.2,80.18 1 1
github.com/yale/meta-cc/internal/parser/types.go:24.41,26.2 1 1
github.com/yale/meta-cc/internal/parser/types.go:40.52,50.51 3 1
github.com/yale/meta-cc/internal/parser/types.go:50.51,52.3 1 0
github.com/yale/meta-cc/internal/parser/types.go:55.2,55.30 1 1
github.com/yale/meta-cc/internal/parser/types.go:55.30,57.3 1 0
github.com/yale/meta-cc/internal/parser/types.go:60.2,61.68 2 1
github.com/yale/meta-cc/internal/parser/types.go:61.68,70.3 2 0
github.com/yale/meta-cc/internal/parser/types.go:73.2,73.51 1 1
github.com/yale/meta-cc/internal/parser/types.go:102.56,111.51 3 1
github.com/yale/meta-cc/internal/parser/types.go:111.51,113.3 1 0
github.com/yale/meta-cc/internal/parser/types.go:116.2,116.30 1 1
github.com/yale/meta-cc/internal/parser/types.go:116.30,118.3 1 0
github.com/yale/meta-cc/internal/parser/types.go:121.2,122.68 2 1
github.com/yale/meta-cc/internal/parser/types.go:122.68,125.3 2 1
github.com/yale/meta-cc/internal/parser/types.go:128.2,132.71 2 0
github.com/yale/meta-cc/internal/parser/types.go:132.71,134.3 1 0
github.com/yale/meta-cc/internal/parser/types.go:137.2,138.38 2 0
github.com/yale/meta-cc/internal/parser/types.go:138.38,139.23 1 0
github.com/yale/meta-cc/internal/parser/types.go:139.23,141.4 1 0
github.com/yale/meta-cc/internal/parser/types.go:143.2,145.12 2 0
github.com/yale/meta-cc/internal/parser/types.go:150.58,161.50 3 1
github.com/yale/meta-cc/internal/parser/types.go:161.50,163.3 1 0
github.com/yale/meta-cc/internal/parser/types.go:166.2,166.17 1 1
github.com/yale/meta-cc/internal/parser/types.go:167.14,167.14 0 1
github.com/yale/meta-cc/internal/parser/types.go:170.18,182.52 4 1
github.com/yale/meta-cc/internal/parser/types.go:182.52,184.4 1 0
github.com/yale/meta-cc/internal/parser/types.go:185.3,188.24 4 1
github.com/yale/meta-cc/internal/parser/types.go:190.21,194.59 2 1
github.com/yale/meta-cc/internal/parser/types.go:194.59,196.4 1 0
github.com/yale/meta-cc/internal/parser/types.go:197.3,197.30 1 1
github.com/yale/meta-cc/internal/parser/types.go:199.10,199.10 0 0
github.com/yale/meta-cc/internal/parser/types.go:203.2,203.12 1 1
github.com/yale/meta-cc/pkg/output/csv.go:13.50,14.26 1 1
github.com/yale/meta-cc/pkg/output/csv.go:15.25,16.31 1 1
github.com/yale/meta-cc/pkg/output/csv.go:17.10,18.68 1 0
github.com/yale/meta-cc/pkg/output/csv.go:22.70,28.45 4 1
github.com/yale/meta-cc/pkg/output/csv.go:28.45,30.3 1 0
github.com/yale/meta-cc/pkg/output/csv.go:33.2,33.31 1 1
github.com/yale/meta-cc/pkg/output/csv.go:33.31,45.43 3 1
github.com/yale/meta-cc/pkg/output/csv.go:45.43,47.4 1 0
github.com/yale/meta-cc/pkg/output/csv.go:50.2,52.39 2 1
github.com/yale/meta-cc/pkg/output/csv.go:52.39,54.3 1 0
github.com/yale/meta-cc/pkg/output/csv.go:56.2,56.25 1 1
github.com/yale/meta-cc/pkg/output/csv.go:59.61,60.21 1 1
github.com/yale/meta-cc/pkg/output/csv.go:60.21,62.3 1 0
github.com/yale/meta-cc/pkg/output/csv.go:64.2,65.26 2 1
github.com/yale/meta-cc/pkg/output/csv.go:65.26,67.3 1 1
github.com/yale/meta-cc/pkg/output/csv.go:69.2,69.34 1 1
github.com/yale/meta-cc/pkg/output/estimator.go:19.90,22.16 2 1
github.com/yale/meta-cc/pkg/output/estimator.go:23.14,25.22 1 1
github.com/yale/meta-cc/pkg/output/estimator.go:25.22,27.4 1 1
github.com/yale/meta-cc/pkg/output/estimator.go:27.9,30.18 2 1
github.com/yale/meta-cc/pkg/output/estimator.go:30.18,32.5 1 0
github.com/yale/meta-cc/pkg/output/estimator.go:35.4,36.42 2 1
github.com/yale/meta-cc/pkg/output/estimator.go:39.24,42.35 1 1
github.com/yale/meta-cc/pkg/output/estimator.go:44.13,47.35 1 1
github.com/yale/meta-cc/pkg/output/estimator.go:49.10,51.31 1 1
github.com/yale/meta-cc/pkg/output/estimator.go:54.2,59.8 1 1
github.com/yale/meta-cc/pkg/output/estimator.go:64.52,72.15 3 1
github.com/yale/meta-cc/pkg/output/estimator.go:72.15,74.3 1 0
github.com/yale/meta-cc/pkg/output/estimator.go:76.2,81.3 1 1
github.com/yale/meta-cc/pkg/output/json.go:9.51,11.16 2 1
github.com/yale/meta-cc/pkg/output/json.go:11.16,13.3 1 0
github.com/yale/meta-cc/pkg/output/json.go:15.2,15.28 1 1
github.com/yale/meta-cc/pkg/output/markdown.go:12.55,13.26 1 1
github.com/yale/meta-cc/pkg/output/markdown.go:14.25,15.41 1 1
github.com/yale/meta-cc/pkg/output/markdown.go:16.29,17.46 1 1
github.com/yale/meta-cc/pkg/output/markdown.go:18.10,19.73 1 0
github.com/yale/meta-cc/pkg/output/markdown.go:23.66,30.31 5 1
github.com/yale/meta-cc/pkg/output/markdown.go:30.31,36.26 3 1
github.com/yale/meta-cc/pkg/output/markdown.go:36.26,38.4 1 0
github.com/yale/meta-cc/pkg/output/markdown.go:41.3,42.19 2 1
github.com/yale/meta-cc/pkg/output/markdown.go:42.19,44.4 1 0
github.com/yale/meta-cc/pkg/output/markdown.go:45.3,45.21 1 1
github.com/yale/meta-cc/pkg/output/markdown.go:45.21,47.4 1 1
github.com/yale/meta-cc/pkg/output/markdown.go:49.3,54.5 1 1
github.com/yale/meta-cc/pkg/output/markdown.go:57.2,57.20 1 1
github.com/yale/meta-cc/pkg/output/markdown.go:60.73,65.32 3 1
github.com/yale/meta-cc/pkg/output/markdown.go:65.32,71.27 5 1
github.com/yale/meta-cc/pkg/output/markdown.go:71.27,75.48 2 1
github.com/yale/meta-cc/pkg/output/markdown.go:75.48,76.49 1 1
github.com/yale/meta-cc/pkg/output/markdown.go:76.49,78.6 1 1
github.com/yale/meta-cc/pkg/output/markdown.go:82.3,82.23 1 1
github.com/yale/meta-cc/pkg/output/markdown.go:85.2,85.20 1 1
github.com/yale/meta-cc/pkg/output/markdown.go:88.63,89.21 1 1
github.com/yale/meta-cc/pkg/output/markdown.go:89.21,91.3 1 0
github.com/yale/meta-cc/pkg/output/markdown.go:93.2,94.26 2 1
github.com/yale/meta-cc/pkg/output/markdown.go:94.26,96.3 1 1
github.com/yale/meta-cc/pkg/output/markdown.go:98.2,99.22 2 1
github.com/yale/meta-cc/pkg/output/markdown.go:99.22,101.3 1 0
github.com/yale/meta-cc/pkg/output/markdown.go:103.2,103.15 1 1
github.com/yale/meta-cc/internal/query/context.go:13.113,14.16 1 1
github.com/yale/meta-cc/internal/query/context.go:14.16,16.3 1 1
github.com/yale/meta-cc/internal/query/context.go:19.2,27.8 3 1
github.com/yale/meta-cc/internal/query/context.go:31.67,34.32 3 1
github.com/yale/meta-cc/internal/query/context.go:34.32,35.24 1 1
github.com/yale/meta-cc/internal/query/context.go:35.24,38.4 2 1
github.com/yale/meta-cc/internal/query/context.go:40.2,40.14 1 1
github.com/yale/meta-cc/internal/query/context.go:44.133,49.31 3 1
github.com/yale/meta-cc/internal/query/context.go:49.31,51.45 1 1
github.com/yale/meta-cc/internal/query/context.go:51.45,52.12 1 0
github.com/yale/meta-cc/internal/query/context.go:56.3,57.22 2 1
github.com/yale/meta-cc/internal/query/context.go:57.22,58.12 1 1
github.com/yale/meta-cc/internal/query/context.go:62.3,63.10 2 1
github.com/yale/meta-cc/internal/query/context.go:63.10,64.12 1 0
github.com/yale/meta-cc/internal/query/context.go:68.3,75.48 2 1
github.com/yale/meta-cc/internal/query/context.go:78.2,78.20 1 1
github.com/yale/meta-cc/internal/query/context.go:82.119,85.32 2 1
github.com/yale/meta-cc/internal/query/context.go:85.32,86.25 1 1
github.com/yale/meta-cc/internal/query/context.go:86.25,87.12 1 0
github.com/yale/meta-cc/internal/query/context.go:90.3,91.51 2 1
github.com/yale/meta-cc/internal/query/context.go:91.51,92.12 1 1
github.com/yale/meta-cc/internal/query/context.go:95.3,95.61 1 1
github.com/yale/meta-cc/internal/query/context.go:98.2,98.17 1 1
github.com/yale/meta-cc/internal/query/context.go:102.118,105.32 2 1
github.com/yale/meta-cc/internal/query/context.go:105.32,106.25 1 1
github.com/yale/meta-cc/internal/query/context.go:106.25,107.12 1 0
github.com/yale/meta-cc/internal/query/context.go:110.3,111.51 2 1
github.com/yale/meta-cc/internal/query/context.go:111.51,112.12 1 1
github.com/yale/meta-cc/internal/query/context.go:115.3,115.61 1 1
github.com/yale/meta-cc/internal/query/context.go:118.2,118.17 1 1
github.com/yale/meta-cc/internal/query/context.go:122.72,131.26 2 1
github.com/yale/meta-cc/internal/query/context.go:131.26,133.3 1 0
github.com/yale/meta-cc/internal/query/context.go:135.2,138.46 2 1
github.com/yale/meta-cc/internal/query/context.go:138.46,139.21 1 1
github.com/yale/meta-cc/internal/query/context.go:140.15,141.49 1 1
github.com/yale/meta-cc/internal/query/context.go:141.49,144.5 1 1
github.com/yale/meta-cc/internal/query/context.go:145.19,146.28 1 0
github.com/yale/meta-cc/internal/query/context.go:146.28,148.5 1 0
github.com/yale/meta-cc/internal/query/context.go:152.2,152.16 1 1
github.com/yale/meta-cc/internal/query/context.go:156.96,165.49 2 1
github.com/yale/meta-cc/internal/query/context.go:165.49,167.3 1 1
github.com/yale/meta-cc/internal/query/context.go:170.2,170.56 1 1
github.com/yale/meta-cc/internal/query/context.go:170.56,172.3 1 0
github.com/yale/meta-cc/internal/query/context.go:175.2,175.32 1 1
github.com/yale/meta-cc/internal/query/context.go:175.32,176.28 1 1
github.com/yale/meta-cc/internal/query/context.go:176.28,178.9 2 1
github.com/yale/meta-cc/internal/query/context.go:182.2,182.15 1 1
github.com/yale/meta-cc/internal/query/context.go:186.38,188.16 2 1
github.com/yale/meta-cc/internal/query/context.go:188.16,190.3 1 0
github.com/yale/meta-cc/internal/query/context.go:191.2,191.17 1 1
github.com/yale/meta-cc/internal/query/context.go:195.51,197.25 2 1
github.com/yale/meta-cc/internal/query/context.go:197.25,199.3 1 1
github.com/yale/meta-cc/internal/query/context.go:200.2,200.30 1 1
github.com/yale/meta-cc/internal/query/file_access.go:12.101,13.20 1 1
github.com/yale/meta-cc/internal/query/file_access.go:13.20,15.3 1 1
github.com/yale/meta-cc/internal/query/file_access.go:18.2,27.31 5 1
github.com/yale/meta-cc/internal/query/file_access.go:27.31,30.65 2 1
github.com/yale/meta-cc/internal/query/file_access.go:30.65,31.12 1 1
github.com/yale/meta-cc/internal/query/file_access.go:35.3,36.19 2 1
github.com/yale/meta-cc/internal/query/file_access.go:36.19,37.12 1 0
github.com/yale/meta-cc/internal/query/file_access.go:41.3,42.10 2 1
github.com/yale/meta-cc/internal/query/file_access.go:42.10,43.12 1 0
github.com/yale/meta-cc/internal/query/file_access.go:47.3,56.23 4 1
github.com/yale/meta-cc/internal/query/file_access.go:60.2,60.43 1 1
github.com/yale/meta-cc/internal/query/file_access.go:60.43,62.3 1 1
github.com/yale/meta-cc/internal/query/file_access.go:65.2,73.8 2 1
github.com/yale/meta-cc/internal/query/file_access.go:77.57,81.35 2 1
github.com/yale/meta-cc/internal/query/file_access.go:81.35,82.37 1 1
github.com/yale/meta-cc/internal/query/file_access.go:82.37,83.58 1 1
github.com/yale/meta-cc/internal/query/file_access.go:83.58,85.5 1 1
github.com/yale/meta-cc/internal/query/file_access.go:89.2,89.11 1 1
github.com/yale/meta-cc/internal/query/file_access.go:93.55,95.31 1 1
github.com/yale/meta-cc/internal/query/file_access.go:95.31,97.3 1 1
github.com/yale/meta-cc/internal/query/file_access.go:100.2,100.39 1 1
github.com/yale/meta-cc/internal/query/file_access.go:100.39,103.3 2 1
github.com/yale/meta-cc/internal/query/file_access.go:106.2,106.14 1 1
github.com/yale/meta-cc/internal/query/file_access.go:110.36,112.13 2 1
github.com/yale/meta-cc/internal/query/file_access.go:112.13,114.3 1 0
github.com/yale/meta-cc/internal/query/file_access.go:115.2,115.21 1 1
github.com/yale/meta-cc/internal/query/file_access.go:119.44,120.18 1 1
github.com/yale/meta-cc/internal/query/file_access.go:121.14,122.16 1 1
github.com/yale/meta-cc/internal/query/file_access.go:123.14,124.16 1 1
github.com/yale/meta-cc/internal/query/file_access.go:125.15,126.17 1 1
github.com/yale/meta-cc/internal/query/file_access.go:127.22,128.16 1 1
github.com/yale/meta-cc/internal/query/file_access.go:129.10,130.12 1 1
github.com/yale/meta-cc/internal/query/file_access.go:135.77,136.32 1 1
github.com/yale/meta-cc/internal/query/file_access.go:136.32,137.25 1 1
github.com/yale/meta-cc/internal/query/file_access.go:137.25,139.4 1 1
github.com/yale/meta-cc/internal/query/file_access.go:141.2,141.10 1 0
github.com/yale/meta-cc/internal/query/file_access.go:145.56,146.23 1 1
github.com/yale/meta-cc/internal/query/file_access.go:146.23,148.3 1 1
github.com/yale/meta-cc/internal/query/file_access.go:150.2,153.33 3 1
github.com/yale/meta-cc/internal/query/sequences.go:12.124,13.24 1 1
github.com/yale/meta-cc/internal/query/sequences.go:13.24,15.3 1 1
github.com/yale/meta-cc/internal/query/sequences.go:18.2,24.44 3 1
github.com/yale/meta-cc/internal/query/sequences.go:24.44,26.3 1 1
github.com/yale/meta-cc/internal/query/sequences.go:29.2,30.19 2 1
github.com/yale/meta-cc/internal/query/sequences.go:30.19,33.34 2 1
github.com/yale/meta-cc/internal/query/sequences.go:33.34,35.4 1 1
github.com/yale/meta-cc/internal/query/sequences.go:36.8,39.3 1 1
github.com/yale/meta-cc/internal/query/sequences.go:41.2,43.8 1 1
github.com/yale/meta-cc/internal/query/sequences.go:54.108,58.31 3 1
github.com/yale/meta-cc/internal/query/sequences.go:58.31,59.41 1 1
github.com/yale/meta-cc/internal/query/sequences.go:59.41,65.4 1 1
github.com/yale/meta-cc/internal/query/sequences.go:68.2,68.15 1 1
github.com/yale/meta-cc/internal/query/sequences.go:72.119,75.21 2 1
github.com/yale/meta-cc/internal/query/sequences.go:75.21,77.3 1 0
github.com/yale/meta-cc/internal/query/sequences.go:80.2,82.50 2 1
github.com/yale/meta-cc/internal/query/sequences.go:82.50,84.43 1 1
github.com/yale/meta-cc/internal/query/sequences.go:84.43,91.4 3 1
github.com/yale/meta-cc/internal/query/sequences.go:95.2,102.3 2 1
github.com/yale/meta-cc/internal/query/sequences.go:106.122,110.69 2 1
github.com/yale/meta-cc/internal/query/sequences.go:110.69,111.47 1 1
github.com/yale/meta-cc/internal/query/sequences.go:111.47,114.32 2 1
github.com/yale/meta-cc/internal/query/sequences.go:114.32,116.5 1 1
github.com/yale/meta-cc/internal/query/sequences.go:119.4,127.67 3 1
github.com/yale/meta-cc/internal/query/sequences.go:132.2,133.48 2 1
github.com/yale/meta-cc/internal/query/sequences.go:133.48,134.41 1 1
github.com/yale/meta-cc/internal/query/sequences.go:134.41,142.4 2 1
github.com/yale/meta-cc/internal/query/sequences.go:146.2,146.41 1 1
github.com/yale/meta-cc/internal/query/sequences.go:146.41,148.3 1 1
github.com/yale/meta-cc/internal/query/sequences.go:150.2,150.15 1 1
github.com/yale/meta-cc/internal/query/sequences.go:154.44,160.29 4 1
github.com/yale/meta-cc/internal/query/sequences.go:160.29,162.17 2 1
github.com/yale/meta-cc/internal/query/sequences.go:162.17,164.4 1 1
github.com/yale/meta-cc/internal/query/sequences.go:167.2,167.14 1 1
github.com/yale/meta-cc/internal/query/sequences.go:171.84,172.39 1 1
github.com/yale/meta-cc/internal/query/sequences.go:172.39,174.3 1 1
github.com/yale/meta-cc/internal/query/sequences.go:176.2,176.29 1 1
github.com/yale/meta-cc/internal/query/sequences.go:176.29,177.42 1 1
github.com/yale/meta-cc/internal/query/sequences.go:177.42,179.4 1 1
github.com/yale/meta-cc/internal/query/sequences.go:182.2,182.13 1 1
github.com/yale/meta-cc/internal/query/sequences.go:186.131,187.27 1 1
github.com/yale/meta-cc/internal/query/sequences.go:187.27,189.3 1 0
github.com/yale/meta-cc/internal/query/sequences.go:192.2,194.34 2 1
github.com/yale/meta-cc/internal/query/sequences.go:194.34,196.32 1 1
github.com/yale/meta-cc/internal/query/sequences.go:196.32,197.58 1 1
github.com/yale/meta-cc/internal/query/sequences.go:197.58,199.33 2 1
github.com/yale/meta-cc/internal/query/sequences.go:199.33,201.6 1 1
github.com/yale/meta-cc/internal/query/sequences.go:202.5,202.19 1 1
github.com/yale/meta-cc/internal/query/sequences.go:202.19,204.6 1 1
github.com/yale/meta-cc/internal/query/sequences.go:209.2,209.30 1 1
github.com/yale/meta-cc/internal/query/sequences.go:209.30,211.3 1 0
github.com/yale/meta-cc/internal/query/sequences.go:213.2,213.34 1 1
github.com/yale/meta-cc/cmd/analyze.go:48.13,59.2 3 1
github.com/yale/meta-cc/cmd/analyze.go:61.64,68.16 3 1
github.com/yale/meta-cc/cmd/analyze.go:68.16,70.3 1 1
github.com/yale/meta-cc/cmd/analyze.go:73.2,75.16 3 1
github.com/yale/meta-cc/cmd/analyze.go:75.16,77.3 1 0
github.com/yale/meta-cc/cmd/analyze.go:80.2,80.55 1 1
github.com/yale/meta-cc/cmd/analyze.go:80.55,82.3 1 1
github.com/yale/meta-cc/cmd/analyze.go:85.2,94.24 5 1
github.com/yale/meta-cc/cmd/analyze.go:94.24,96.23 1 1
github.com/yale/meta-cc/cmd/analyze.go:97.15,98.20 1 1
github.com/yale/meta-cc/cmd/analyze.go:99.25,100.91 1 1
github.com/yale/meta-cc/cmd/analyze.go:101.11,102.68 1 0
github.com/yale/meta-cc/cmd/analyze.go:104.8,106.23 1 1
github.com/yale/meta-cc/cmd/analyze.go:107.15,108.54 1 1
github.com/yale/meta-cc/cmd/analyze.go:109.25,110.64 1 0
github.com/yale/meta-cc/cmd/analyze.go:111.11,112.106 1 0
github.com/yale/meta-cc/cmd/analyze.go:115.3,115.23 1 1
github.com/yale/meta-cc/cmd/analyze.go:115.23,117.4 1 0
github.com/yale/meta-cc/cmd/analyze.go:120.2,122.12 2 1
github.com/yale/meta-cc/cmd/analyze.go:126.84,132.35 4 0
github.com/yale/meta-cc/cmd/analyze.go:132.35,151.41 13 0
github.com/yale/meta-cc/cmd/analyze.go:151.41,154.17 3 0
github.com/yale/meta-cc/cmd/analyze.go:154.17,156.5 1 0
github.com/yale/meta-cc/cmd/analyze.go:157.4,157.31 1 0
github.com/yale/meta-cc/cmd/analyze.go:157.31,159.5 1 0
github.com/yale/meta-cc/cmd/analyze.go:160.4,160.42 1 0
github.com/yale/meta-cc/cmd/analyze.go:160.42,162.5 1 0
github.com/yale/meta-cc/cmd/analyze.go:163.4,163.24 1 0
github.com/yale/meta-cc/cmd/analyze.go:166.3,166.28 1 0
github.com/yale/meta-cc/cmd/analyze.go:169.2,169.25 1 0
github.com/yale/meta-cc/cmd/analyze_file_churn.go:31.13,35.2 2 1
github.com/yale/meta-cc/cmd/analyze_file_churn.go:37.67,44.16 3 0
github.com/yale/meta-cc/cmd/analyze_file_churn.go:44.16,46.3 1 0
github.com/yale/meta-cc/cmd/analyze_file_churn.go:49.2,51.16 3 0
github.com/yale/meta-cc/cmd/analyze_file_churn.go:51.16,53.3 1 0
github.com/yale/meta-cc/cmd/analyze_file_churn.go:56.2,62.22 4 0
github.com/yale/meta-cc/cmd/analyze_file_churn.go:63.14,64.51 1 0
github.com/yale/meta-cc/cmd/analyze_file_churn.go:65.24,66.57 1 0
github.com/yale/meta-cc/cmd/analyze_file_churn.go:67.10,68.109 1 0
github.com/yale/meta-cc/cmd/analyze_file_churn.go:71.2,71.22 1 0
github.com/yale/meta-cc/cmd/analyze_file_churn.go:71.22,73.3 1 0
github.com/yale/meta-cc/cmd/analyze_file_churn.go:75.2,76.12 2 0
github.com/yale/meta-cc/cmd/analyze_file_churn.go:79.81,80.37 1 0
github.com/yale/meta-cc/cmd/analyze_file_churn.go:80.37,82.3 1 0
github.com/yale/meta-cc/cmd/analyze_file_churn.go:84.2,88.45 4 0
github.com/yale/meta-cc/cmd/analyze_file_churn.go:88.45,96.3 7 0
github.com/yale/meta-cc/cmd/analyze_file_churn.go:98.2,98.16 1 0
github.com/yale/meta-cc/cmd/analyze_idle.go:31.13,35.2 2 1
github.com/yale/meta-cc/cmd/analyze_idle.go:37.62,44.16 3 0
github.com/yale/meta-cc/cmd/analyze_idle.go:44.16,46.3 1 0
github.com/yale/meta-cc/cmd/analyze_idle.go:49.2,51.16 3 0
github.com/yale/meta-cc/cmd/analyze_idle.go:51.16,53.3 1 0
github.com/yale/meta-cc/cmd/analyze_idle.go:56.2,62.22 4 0
github.com/yale/meta-cc/cmd/analyze_idle.go:63.14,64.51 1 0
github.com/yale/meta-cc/cmd/analyze_idle.go:65.24,66.59 1 0
github.com/yale/meta-cc/cmd/analyze_idle.go:67.10,68.111 1 0
github.com/yale/meta-cc/cmd/analyze_idle.go:71.2,71.22 1 0
github.com/yale/meta-cc/cmd/analyze_idle.go:71.22,73.3 1 0
github.com/yale/meta-cc/cmd/analyze_idle.go:75.2,76.12 2 0
github.com/yale/meta-cc/cmd/analyze_idle.go:79.84,80.34 1 0
github.com/yale/meta-cc/cmd/analyze_idle.go:80.34,82.3 1 0
github.com/yale/meta-cc/cmd/analyze_idle.go:84.2,88.44 4 0
github.com/yale/meta-cc/cmd/analyze_idle.go:88.44,93.34 4 0
github.com/yale/meta-cc/cmd/analyze_idle.go:93.34,96.39 3 0
github.com/yale/meta-cc/cmd/analyze_idle.go:96.39,98.5 1 0
github.com/yale/meta-cc/cmd/analyze_idle.go:99.4,99.41 1 0
github.com/yale/meta-cc/cmd/analyze_idle.go:99.41,101.5 1 0
github.com/yale/meta-cc/cmd/analyze_idle.go:102.4,102.42 1 0
github.com/yale/meta-cc/cmd/analyze_idle.go:102.42,104.5 1 0
github.com/yale/meta-cc/cmd/analyze_idle.go:107.3,107.33 1 0
github.com/yale/meta-cc/cmd/analyze_idle.go:107.33,110.38 3 0
github.com/yale/meta-cc/cmd/analyze_idle.go:110.38,112.5 1 0
github.com/yale/meta-cc/cmd/analyze_idle.go:113.4,113.41 1 0
github.com/yale/meta-cc/cmd/analyze_idle.go:113.41,115.5 1 0
github.com/yale/meta-cc/cmd/analyze_idle.go:118.3,118.20 1 0
github.com/yale/meta-cc/cmd/analyze_idle.go:121.2,121.16 1 0
github.com/yale/meta-cc/cmd/analyze_sequences.go:34.13,39.2 3 1
github.com/yale/meta-cc/cmd/analyze_sequences.go:41.67,48.16 3 0
github.com/yale/meta-cc/cmd/analyze_sequences.go:48.16,50.3 1 0
github.com/yale/meta-cc/cmd/analyze_sequences.go:53.2,55.16 3 0
github.com/yale/meta-cc/cmd/analyze_sequences.go:55.16,57.3 1 0
github.com/yale/meta-cc/cmd/analyze_sequences.go:60.2,66.22 4 0
github.com/yale/meta-cc/cmd/analyze_sequences.go:67.14,68.51 1 0
github.com/yale/meta-cc/cmd/analyze_sequences.go:69.24,70.57 1 0
github.com/yale/meta-cc/cmd/analyze_sequences.go:71.10,72.108 1 0
github.com/yale/meta-cc/cmd/analyze_sequences.go:75.2,75.22 1 0
github.com/yale/meta-cc/cmd/analyze_sequences.go:75.22,77.3 1 0
github.com/yale/meta-cc/cmd/analyze_sequences.go:79.2,80.12 2 0
github.com/yale/meta-cc/cmd/analyze_sequences.go:83.80,84.32 1 0
github.com/yale/meta-cc/cmd/analyze_sequences.go:84.32,86.3 1 0
github.com/yale/meta-cc/cmd/analyze_sequences.go:88.2,92.39 4 0
github.com/yale/meta-cc/cmd/analyze_sequences.go:92.39,101.16 8 0
github.com/yale/meta-cc/cmd/analyze_sequences.go:101.16,103.4 1 0
github.com/yale/meta-cc/cmd/analyze_sequences.go:104.3,104.30 1 0
github.com/yale/meta-cc/cmd/analyze_sequences.go:104.30,107.4 2 0
github.com/yale/meta-cc/cmd/analyze_sequences.go:108.3,108.20 1 0
github.com/yale/meta-cc/cmd/analyze_sequences.go:108.20,110.4 1 0
github.com/yale/meta-cc/cmd/analyze_sequences.go:111.3,111.20 1 0
github.com/yale/meta-cc/cmd/analyze_sequences.go:114.2,114.16 1 0
github.com/yale/meta-cc/cmd/mcp.go:21.13,23.2 1 1
github.com/yale/meta-cc/cmd/mcp.go:39.60,42.21 2 0
github.com/yale/meta-cc/cmd/mcp.go:42.21,46.52 3 0
github.com/yale/meta-cc/cmd/mcp.go:46.52,48.12 2 0
github.com/yale/meta-cc/cmd/mcp.go:51.3,51.21 1 0
github.com/yale/meta-cc/cmd/mcp.go:54.2,54.22 1 0
github.com/yale/meta-cc/cmd/mcp.go:57.40,58.20 1 0
github.com/yale/meta-cc/cmd/mcp.go:59.20,60.24 1 0
github.com/yale/meta-cc/cmd/mcp.go:61.20,62.23 1 0
github.com/yale/meta-cc/cmd/mcp.go:63.20,64.23 1 0
github.com/yale/meta-cc/cmd/mcp.go:65.10,66.95 1 0
github.com/yale/meta-cc/cmd/mcp.go:70.43,82.2 2 0
github.com/yale/meta-cc/cmd/mcp.go:84.42,295.2 3 0
github.com/yale/meta-cc/cmd/mcp.go:297.42,303.60 2 0
github.com/yale/meta-cc/cmd/mcp.go:303.60,306.3 2 0
github.com/yale/meta-cc/cmd/mcp.go:309.2,310.16 2 0
github.com/yale/meta-cc/cmd/mcp.go:310.16,313.3 2 0
github.com/yale/meta-cc/cmd/mcp.go:315.2,323.30 2 0
github.com/yale/meta-cc/cmd/mcp.go:326.76,328.54 2 0
github.com/yale/meta-cc/cmd/mcp.go:328.54,330.3 1 0
github.com/yale/meta-cc/cmd/mcp.go:332.2,334.14 2 0
github.com/yale/meta-cc/cmd/mcp.go:335.27,336.65 1 0
github.com/yale/meta-cc/cmd/mcp.go:337.24,338.68 1 0
github.com/yale/meta-cc/cmd/mcp.go:339.23,343.47 2 0
github.com/yale/meta-cc/cmd/mcp.go:343.47,345.4 1 0
github.com/yale/meta-cc/cmd/mcp.go:345.9,347.4 1 0
github.com/yale/meta-cc/cmd/mcp.go:348.21,351.58 2 0
github.com/yale/meta-cc/cmd/mcp.go:351.58,353.4 1 0
github.com/yale/meta-cc/cmd/mcp.go:354.3,354.64 1 0
github.com/yale/meta-cc/cmd/mcp.go:354.64,356.4 1 0
github.com/yale/meta-cc/cmd/mcp.go:357.3,357.47 1 0
github.com/yale/meta-cc/cmd/mcp.go:357.47,359.4 1 0
github.com/yale/meta-cc/cmd/mcp.go:359.9,361.4 1 0
github.com/yale/meta-cc/cmd/mcp.go:362.29,364.27 2 0
github.com/yale/meta-cc/cmd/mcp.go:364.27,366.4 1 0
github.com/yale/meta-cc/cmd/mcp.go:368.3,370.47 2 0
github.com/yale/meta-cc/cmd/mcp.go:370.47,372.4 1 0
github.com/yale/meta-cc/cmd/mcp.go:372.9,374.4 1 0
github.com/yale/meta-cc/cmd/mcp.go:375.23,377.34 2 0
github.com/yale/meta-cc/cmd/mcp.go:377.34,379.4 1 0
github.com/yale/meta-cc/cmd/mcp.go:381.3,383.49 2 0
github.com/yale/meta-cc/cmd/mcp.go:383.49,385.4 1 0
github.com/yale/meta-cc/cmd/mcp.go:385.9,387.4 1 0
github.com/yale/meta-cc/cmd/mcp.go:388.30,391.66 2 0
github.com/yale/meta-cc/cmd/mcp.go:391.66,393.4 1 0
github.com/yale/meta-cc/cmd/mcp.go:393.9,395.4 1 0
github.com/yale/meta-cc/cmd/mcp.go:396.3,396.67 1 0
github.com/yale/meta-cc/cmd/mcp.go:396.67,398.4 1 0
github.com/yale/meta-cc/cmd/mcp.go:399.27,401.24 2 0
github.com/yale/meta-cc/cmd/mcp.go:401.24,403.4 1 0
github.com/yale/meta-cc/cmd/mcp.go:405.3,405.87 1 0
github.com/yale/meta-cc/cmd/mcp.go:406.29,407.73 1 0
github.com/yale/meta-cc/cmd/mcp.go:408.34,411.69 2 0
github.com/yale/meta-cc/cmd/mcp.go:411.69,413.4 1 0
github.com/yale/meta-cc/cmd/mcp.go:414.3,414.47 1 0
github.com/yale/meta-cc/cmd/mcp.go:414.47,416.4 1 0
github.com/yale/meta-cc/cmd/mcp.go:416.9,418.4 1 0
github.com/yale/meta-cc/cmd/mcp.go:419.10,420.50 1 0
github.com/yale/meta-cc/cmd/mcp.go:424.2,424.38 1 0
github.com/yale/meta-cc/cmd/mcp.go:427.58,434.16 4 0
github.com/yale/meta-cc/cmd/mcp.go:434.16,436.3 1 0
github.com/yale/meta-cc/cmd/mcp.go:439.2,444.12 4 0
github.com/yale/meta-cc/cmd/mcp.go:444.12,449.3 4 0
github.com/yale/meta-cc/cmd/mcp.go:452.2,462.16 6 0
github.com/yale/meta-cc/cmd/mcp.go:462.16,464.3 1 0
github.com/yale/meta-cc/cmd/mcp.go:466.2,466.20 1 0
github.com/yale/meta-cc/cmd/mcp.go:469.55,477.2 3 0
github.com/yale/meta-cc/cmd/mcp.go:479.76,491.2 3 0
github.com/yale/meta-cc/cmd/parse.go:45.13,57.2 4 1
github.com/yale/meta-cc/cmd/parse.go:59.63,67.30 2 1
github.com/yale/meta-cc/cmd/parse.go:67.30,69.3 1 1
github.com/yale/meta-cc/cmd/parse.go:72.2,77.16 3 1
github.com/yale/meta-cc/cmd/parse.go:77.16,79.3 1 1
github.com/yale/meta-cc/cmd/parse.go:82.2,84.16 3 1
github.com/yale/meta-cc/cmd/parse.go:84.16,86.3 1 0
github.com/yale/meta-cc/cmd/parse.go:89.2,91.21 2 1
github.com/yale/meta-cc/cmd/parse.go:92.15,93.17 1 1
github.com/yale/meta-cc/cmd/parse.go:94.15,96.19 2 1
github.com/yale/meta-cc/cmd/parse.go:97.16,101.32 3 0
github.com/yale/meta-cc/cmd/parse.go:101.32,102.46 1 0
github.com/yale/meta-cc/cmd/parse.go:102.46,104.5 1 0
github.com/yale/meta-cc/cmd/parse.go:106.3,106.20 1 0
github.com/yale/meta-cc/cmd/parse.go:110.2,110.25 1 1
github.com/yale/meta-cc/cmd/parse.go:110.25,112.17 2 0
github.com/yale/meta-cc/cmd/parse.go:112.17,114.4 1 0
github.com/yale/meta-cc/cmd/parse.go:116.3,116.45 1 0
github.com/yale/meta-cc/cmd/parse.go:120.2,120.22 1 1
github.com/yale/meta-cc/cmd/parse.go:120.22,122.52 1 0
github.com/yale/meta-cc/cmd/parse.go:122.52,124.18 2 0
github.com/yale/meta-cc/cmd/parse.go:124.18,126.5 1 0
github.com/yale/meta-cc/cmd/parse.go:128.4,130.14 3 0
github.com/yale/meta-cc/cmd/parse.go:135.2,135.51 1 1
github.com/yale/meta-cc/cmd/parse.go:135.51,141.3 2 1
github.com/yale/meta-cc/cmd/parse.go:144.2,147.22 3 1
github.com/yale/meta-cc/cmd/parse.go:148.14,149.49 1 1
github.com/yale/meta-cc/cmd/parse.go:150.24,151.53 1 0
github.com/yale/meta-cc/cmd/parse.go:152.13,153.48 1 0
github.com/yale/meta-cc/cmd/parse.go:154.10,155.67 1 0
github.com/yale/meta-cc/cmd/parse.go:158.2,158.22 1 1
github.com/yale/meta-cc/cmd/parse.go:158.22,160.3 1 0
github.com/yale/meta-cc/cmd/parse.go:162.2,164.12 2 1
github.com/yale/meta-cc/cmd/parse.go:191.13,199.2 2 1
github.com/yale/meta-cc/cmd/parse.go:201.61,208.16 3 1
github.com/yale/meta-cc/cmd/parse.go:208.16,210.3 1 1
github.com/yale/meta-cc/cmd/parse.go:213.2,215.16 3 1
github.com/yale/meta-cc/cmd/parse.go:215.16,217.3 1 0
github.com/yale/meta-cc/cmd/parse.go:220.2,226.22 3 1
github.com/yale/meta-cc/cmd/parse.go:226.22,231.3 4 0
github.com/yale/meta-cc/cmd/parse.go:234.2,235.24 2 1
github.com/yale/meta-cc/cmd/parse.go:235.24,239.3 1 0
github.com/yale/meta-cc/cmd/parse.go:242.2,245.22 3 1
github.com/yale/meta-cc/cmd/parse.go:246.14,247.49 1 1
github.com/yale/meta-cc/cmd/parse.go:248.24,249.52 1 1
github.com/yale/meta-cc/cmd/parse.go:250.10,251.104 1 0
github.com/yale/meta-cc/cmd/parse.go:254.2,254.22 1 1
github.com/yale/meta-cc/cmd/parse.go:254.22,256.3 1 0
github.com/yale/meta-cc/cmd/parse.go:258.2,260.12 2 1
github.com/yale/meta-cc/cmd/parse.go:264.71,287.29 15 1
github.com/yale/meta-cc/cmd/parse.go:287.29,292.39 4 0
github.com/yale/meta-cc/cmd/parse.go:292.39,294.31 2 0
github.com/yale/meta-cc/cmd/parse.go:294.31,296.5 1 0
github.com/yale/meta-cc/cmd/parse.go:297.4,298.40 1 0
github.com/yale/meta-cc/cmd/parse.go:300.3,300.23 1 0
github.com/yale/meta-cc/cmd/parse.go:304.2,304.34 1 1
github.com/yale/meta-cc/cmd/parse.go:304.34,306.48 2 0
github.com/yale/meta-cc/cmd/parse.go:306.48,308.4 1 0
github.com/yale/meta-cc/cmd/parse.go:309.3,309.23 1 0
github.com/yale/meta-cc/cmd/parse.go:312.2,312.25 1 1
github.com/yale/meta-cc/cmd/query.go:39.13,53.2 9 1
github.com/yale/meta-cc/cmd/query.go:56.84,65.2 2 0
github.com/yale/meta-cc/cmd/query_context.go:37.13,43.2 4 1
github.com/yale/meta-cc/cmd/query_context.go:45.63,52.16 3 0
github.com/yale/meta-cc/cmd/query_context.go:52.16,54.3 1 0
github.com/yale/meta-cc/cmd/query_context.go:57.2,59.16 3 0
github.com/yale/meta-cc/cmd/query_context.go:59.16,61.3 1 0
github.com/yale/meta-cc/cmd/query_context.go:64.2,65.16 2 0
github.com/yale/meta-cc/cmd/query_context.go:65.16,67.3 1 0
github.com/yale/meta-cc/cmd/query_context.go:70.2,71.16 2 0
github.com/yale/meta-cc/cmd/query_context.go:71.16,73.3 1 0
github.com/yale/meta-cc/cmd/query_context.go:76.2,76.26 1 0
github.com/yale/meta-cc/cmd/query_context.go:76.26,78.3 1 0
github.com/yale/meta-cc/cmd/query_context.go:81.2,83.31 3 0
github.com/yale/meta-cc/cmd/query_context.go:86.62,93.41 5 0
github.com/yale/meta-cc/cmd/query_context.go:93.41,97.33 2 0
github.com/yale/meta-cc/cmd/query_context.go:97.33,101.42 4 0
github.com/yale/meta-cc/cmd/query_context.go:101.42,105.5 2 0
github.com/yale/meta-cc/cmd/query_context.go:106.4,106.24 1 0
github.com/yale/meta-cc/cmd/query_context.go:110.3,115.34 6 0
github.com/yale/meta-cc/cmd/query_context.go:115.34,117.4 1 0
github.com/yale/meta-cc/cmd/query_context.go:118.3,118.31 1 0
github.com/yale/meta-cc/cmd/query_context.go:118.31,120.4 1 0
github.com/yale/meta-cc/cmd/query_context.go:121.3,124.32 2 0
github.com/yale/meta-cc/cmd/query_context.go:124.32,128.41 4 0
github.com/yale/meta-cc/cmd/query_context.go:128.41,132.5 2 0
github.com/yale/meta-cc/cmd/query_context.go:133.4,133.24 1 0
github.com/yale/meta-cc/cmd/query_context.go:137.2,138.12 2 0
github.com/yale/meta-cc/cmd/query_context.go:141.45,142.21 1 0
github.com/yale/meta-cc/cmd/query_context.go:142.21,144.3 1 0
github.com/yale/meta-cc/cmd/query_context.go:145.2,146.29 2 0
github.com/yale/meta-cc/cmd/query_context.go:146.29,147.12 1 0
github.com/yale/meta-cc/cmd/query_context.go:147.12,149.4 1 0
github.com/yale/meta-cc/cmd/query_context.go:150.3,150.17 1 0
github.com/yale/meta-cc/cmd/query_context.go:152.2,152.15 1 0
github.com/yale/meta-cc/cmd/query_file_access.go:37.13,42.2 3 1
github.com/yale/meta-cc/cmd/query_file_access.go:44.66,51.16 3 0
github.com/yale/meta-cc/cmd/query_file_access.go:51.16,53.3 1 0
github.com/yale/meta-cc/cmd/query_file_access.go:56.2,58.16 3 0
github.com/yale/meta-cc/cmd/query_file_access.go:58.16,60.3 1 0
github.com/yale/meta-cc/cmd/query_file_access.go:63.2,64.16 2 0
github.com/yale/meta-cc/cmd/query_file_access.go:64.16,66.3 1 0
github.com/yale/meta-cc/cmd/query_file_access.go:69.2,70.16 2 0
github.com/yale/meta-cc/cmd/query_file_access.go:70.16,72.3 1 0
github.com/yale/meta-cc/cmd/query_file_access.go:75.2,75.26 1 0
github.com/yale/meta-cc/cmd/query_file_access.go:75.26,77.3 1 0
github.com/yale/meta-cc/cmd/query_file_access.go:80.2,82.31 3 0
github.com/yale/meta-cc/cmd/query_file_access.go:85.68,94.32 6 0
github.com/yale/meta-cc/cmd/query_file_access.go:94.32,98.44 4 0
github.com/yale/meta-cc/cmd/query_file_access.go:98.44,100.4 1 0
github.com/yale/meta-cc/cmd/query_file_access.go:101.3,101.23 1 0
github.com/yale/meta-cc/cmd/query_file_access.go:105.2,105.30 1 0
github.com/yale/meta-cc/cmd/query_file_access.go:105.30,109.41 4 0
github.com/yale/meta-cc/cmd/query_file_access.go:109.41,112.4 1 0
github.com/yale/meta-cc/cmd/query_file_access.go:115.2,116.12 2 0
github.com/yale/meta-cc/cmd/query_messages.go:36.13,41.2 3 1
github.com/yale/meta-cc/cmd/query_messages.go:61.68,68.16 3 0
github.com/yale/meta-cc/cmd/query_messages.go:68.16,70.3 1 0
github.com/yale/meta-cc/cmd/query_messages.go:72.2,74.16 3 0
github.com/yale/meta-cc/cmd/query_messages.go:74.16,76.3 1 0
github.com/yale/meta-cc/cmd/query_messages.go:79.2,83.30 3 0
github.com/yale/meta-cc/cmd/query_messages.go:83.30,85.17 2 0
github.com/yale/meta-cc/cmd/query_messages.go:85.17,87.4 1 0
github.com/yale/meta-cc/cmd/query_messages.go:89.3,90.36 2 0
github.com/yale/meta-cc/cmd/query_messages.go:90.36,91.40 1 0
github.com/yale/meta-cc/cmd/query_messages.go:91.40,93.5 1 0
github.com/yale/meta-cc/cmd/query_messages.go:95.3,95.26 1 0
github.com/yale/meta-cc/cmd/query_messages.go:99.2,99.23 1 0
github.com/yale/meta-cc/cmd/query_messages.go:99.23,101.3 1 0
github.com/yale/meta-cc/cmd/query_messages.go:104.2,104.30 1 0
github.com/yale/meta-cc/cmd/query_messages.go:104.30,106.3 1 0
github.com/yale/meta-cc/cmd/query_messages.go:109.2,109.21 1 0
github.com/yale/meta-cc/cmd/query_messages.go:109.21,110.38 1 0
github.com/yale/meta-cc/cmd/query_messages.go:110.38,112.4 1 0
github.com/yale/meta-cc/cmd/query_messages.go:112.9,114.4 1 0
github.com/yale/meta-cc/cmd/query_messages.go:118.2,118.54 1 0
github.com/yale/meta-cc/cmd/query_messages.go:118.54,120.3 1 0
github.com/yale/meta-cc/cmd/query_messages.go:123.2,126.22 3 0
github.com/yale/meta-cc/cmd/query_messages.go:127.14,128.57 1 0
github.com/yale/meta-cc/cmd/query_messages.go:129.24,130.61 1 0
github.com/yale/meta-cc/cmd/query_messages.go:131.10,132.67 1 0
github.com/yale/meta-cc/cmd/query_messages.go:135.2,135.22 1 0
github.com/yale/meta-cc/cmd/query_messages.go:135.22,137.3 1 0
github.com/yale/meta-cc/cmd/query_messages.go:139.2,140.12 2 0
github.com/yale/meta-cc/cmd/query_messages.go:143.97,146.32 2 0
github.com/yale/meta-cc/cmd/query_messages.go:146.32,148.27 1 0
github.com/yale/meta-cc/cmd/query_messages.go:148.27,149.12 1 0
github.com/yale/meta-cc/cmd/query_messages.go:153.3,153.27 1 0
github.com/yale/meta-cc/cmd/query_messages.go:153.27,154.12 1 0
github.com/yale/meta-cc/cmd/query_messages.go:158.3,159.47 2 0
github.com/yale/meta-cc/cmd/query_messages.go:159.47,160.28 1 0
github.com/yale/meta-cc/cmd/query_messages.go:160.28,162.5 1 0
github.com/yale/meta-cc/cmd/query_messages.go:166.3,166.20 1 0
github.com/yale/meta-cc/cmd/query_messages.go:166.20,174.4 2 0
github.com/yale/meta-cc/cmd/query_messages.go:177.2,177.17 1 0
github.com/yale/meta-cc/cmd/query_messages.go:181.67,185.32 3 0
github.com/yale/meta-cc/cmd/query_messages.go:185.32,186.24 1 0
github.com/yale/meta-cc/cmd/query_messages.go:186.24,189.4 2 0
github.com/yale/meta-cc/cmd/query_messages.go:192.2,192.18 1 0
github.com/yale/meta-cc/cmd/query_messages.go:196.141,199.32 2 0
github.com/yale/meta-cc/cmd/query_messages.go:199.32,200.24 1 0
github.com/yale/meta-cc/cmd/query_messages.go:200.24,203.4 2 0
github.com/yale/meta-cc/cmd/query_messages.go:207.2,207.26 1 0
github.com/yale/meta-cc/cmd/query_messages.go:207.26,211.39 2 0
github.com/yale/meta-cc/cmd/query_messages.go:211.39,213.46 2 0
github.com/yale/meta-cc/cmd/query_messages.go:213.46,216.5 2 0
github.com/yale/meta-cc/cmd/query_messages.go:220.3,220.39 1 0
github.com/yale/meta-cc/cmd/query_messages.go:220.39,222.46 2 0
github.com/yale/meta-cc/cmd/query_messages.go:222.46,225.5 2 0
github.com/yale/meta-cc/cmd/query_messages.go:229.2,229.17 1 0
github.com/yale/meta-cc/cmd/query_messages.go:233.100,239.26 2 0
github.com/yale/meta-cc/cmd/query_messages.go:239.26,242.47 2 0
github.com/yale/meta-cc/cmd/query_messages.go:242.47,243.28 1 0
github.com/yale/meta-cc/cmd/query_messages.go:243.28,245.5 1 0
github.com/yale/meta-cc/cmd/query_messages.go:247.3,247.25 1 0
github.com/yale/meta-cc/cmd/query_messages.go:247.25,249.4 1 0
github.com/yale/meta-cc/cmd/query_messages.go:249.9,251.4 1 0
github.com/yale/meta-cc/cmd/query_messages.go:254.3,254.47 1 0
github.com/yale/meta-cc/cmd/query_messages.go:254.47,255.56 1 0
github.com/yale/meta-cc/cmd/query_messages.go:255.56,257.5 1 0
github.com/yale/meta-cc/cmd/query_messages.go:261.2,261.21 1 0
github.com/yale/meta-cc/cmd/query_messages.go:264.76,265.43 1 0
github.com/yale/meta-cc/cmd/query_messages.go:265.43,268.17 2 0
github.com/yale/meta-cc/cmd/query_messages.go:269.20,270.56 1 0
github.com/yale/meta-cc/cmd/query_messages.go:271.15,272.46 1 0
github.com/yale/meta-cc/cmd/query_messages.go:273.11,275.56 1 0
github.com/yale/meta-cc/cmd/query_messages.go:278.3,278.14 1 0
github.com/yale/meta-cc/cmd/query_messages.go:278.14,280.4 1 0
github.com/yale/meta-cc/cmd/query_messages.go:281.3,281.14 1 0
github.com/yale/meta-cc/cmd/query_project_state.go:38.13,42.2 2 1
github.com/yale/meta-cc/cmd/query_project_state.go:44.68,51.16 3 0
github.com/yale/meta-cc/cmd/query_project_state.go:51.16,53.3 1 0
github.com/yale/meta-cc/cmd/query_project_state.go:56.2,58.16 3 0
github.com/yale/meta-cc/cmd/query_project_state.go:58.16,60.3 1 0
github.com/yale/meta-cc/cmd/query_project_state.go:63.2,64.16 2 0
github.com/yale/meta-cc/cmd/query_project_state.go:64.16,66.3 1 0
github.com/yale/meta-cc/cmd/query_project_state.go:69.2,69.26 1 0
github.com/yale/meta-cc/cmd/query_project_state.go:69.26,71.3 1 0
github.com/yale/meta-cc/cmd/query_project_state.go:74.2,76.30 3 0
github.com/yale/meta-cc/cmd/query_project_state.go:105.97,108.22 2 0
github.com/yale/meta-cc/cmd/query_project_state.go:108.22,110.3 1 0
github.com/yale/meta-cc/cmd/query_project_state.go:113.2,120.18 4 0
github.com/yale/meta-cc/cmd/query_project_state.go:120.18,122.3 1 0
github.com/yale/meta-cc/cmd/query_project_state.go:125.2,140.8 4 0
github.com/yale/meta-cc/cmd/query_project_state.go:144.97,147.32 2 0
github.com/yale/meta-cc/cmd/query_project_state.go:147.32,149.44 1 0
github.com/yale/meta-cc/cmd/query_project_state.go:149.44,150.12 1 0
github.com/yale/meta-cc/cmd/query_project_state.go:157.3,157.36 1 0
github.com/yale/meta-cc/cmd/query_project_state.go:157.36,158.31 1 0
github.com/yale/meta-cc/cmd/query_project_state.go:158.31,159.13 1 0
github.com/yale/meta-cc/cmd/query_project_state.go:162.4,162.51 1 0
github.com/yale/meta-cc/cmd/query_project_state.go:162.51,163.57 1 0
github.com/yale/meta-cc/cmd/query_project_state.go:163.57,165.73 2 0
github.com/yale/meta-cc/cmd/query_project_state.go:165.73,167.72 1 0
github.com/yale/meta-cc/cmd/query_project_state.go:167.72,168.51 1 0
github.com/yale/meta-cc/cmd/query_project_state.go:168.51,174.9 1 0
github.com/yale/meta-cc/cmd/query_project_state.go:176.8,180.47 3 0
github.com/yale/meta-cc/cmd/query_project_state.go:180.47,182.9 1 0
github.com/yale/meta-cc/cmd/query_project_state.go:185.8,185.52 1 0
github.com/yale/meta-cc/cmd/query_project_state.go:185.52,187.9 1 0
github.com/yale/meta-cc/cmd/query_project_state.go:190.8,190.53 1 0
github.com/yale/meta-cc/cmd/query_project_state.go:190.53,192.9 1 0
github.com/yale/meta-cc/cmd/query_project_state.go:201.2,202.35 2 0
github.com/yale/meta-cc/cmd/query_project_state.go:202.35,204.3 1 0
github.com/yale/meta-cc/cmd/query_project_state.go:206.2,206.41 1 0
github.com/yale/meta-cc/cmd/query_project_state.go:206.41,208.3 1 0
github.com/yale/meta-cc/cmd/query_project_state.go:211.2,211.22 1 0
github.com/yale/meta-cc/cmd/query_project_state.go:211.22,213.3 1 0
github.com/yale/meta-cc/cmd/query_project_state.go:215.2,215.15 1 0
github.com/yale/meta-cc/cmd/query_project_state.go:219.103,227.32 5 0
github.com/yale/meta-cc/cmd/query_project_state.go:227.32,228.51 1 0
github.com/yale/meta-cc/cmd/query_project_state.go:228.51,229.12 1 0
github.com/yale/meta-cc/cmd/query_project_state.go:232.3,236.47 3 0
github.com/yale/meta-cc/cmd/query_project_state.go:236.47,237.28 1 0
github.com/yale/meta-cc/cmd/query_project_state.go:237.28,239.5 1 0
github.com/yale/meta-cc/cmd/query_project_state.go:243.3,243.77 1 0
github.com/yale/meta-cc/cmd/query_project_state.go:243.77,250.4 1 0
github.com/yale/meta-cc/cmd/query_project_state.go:253.3,253.77 1 0
github.com/yale/meta-cc/cmd/query_project_state.go:253.77,259.4 1 0
github.com/yale/meta-cc/cmd/query_project_state.go:262.3,262.76 1 0
github.com/yale/meta-cc/cmd/query_project_state.go:262.76,267.4 1 0
github.com/yale/meta-cc/cmd/query_project_state.go:271.2,272.40 2 0
github.com/yale/meta-cc/cmd/query_project_state.go:272.40,274.3 1 0
github.com/yale/meta-cc/cmd/query_project_state.go:277.2,277.21 1 0
github.com/yale/meta-cc/cmd/query_project_state.go:277.21,279.3 1 0
github.com/yale/meta-cc/cmd/query_project_state.go:281.2,281.14 1 0
github.com/yale/meta-cc/cmd/query_project_state.go:285.91,289.32 2 0
github.com/yale/meta-cc/cmd/query_project_state.go:289.32,290.27 1 0
github.com/yale/meta-cc/cmd/query_project_state.go:290.27,291.12 1 0
github.com/yale/meta-cc/cmd/query_project_state.go:294.3,294.47 1 0
github.com/yale/meta-cc/cmd/query_project_state.go:294.47,295.62 1 0
github.com/yale/meta-cc/cmd/query_project_state.go:295.62,296.75 1 0
github.com/yale/meta-cc/cmd/query_project_state.go:296.75,299.6 2 0
github.com/yale/meta-cc/cmd/query_project_state.go:305.2,308.41 3 0
github.com/yale/meta-cc/cmd/query_project_state.go:308.41,309.23 1 0
github.com/yale/meta-cc/cmd/query_project_state.go:309.23,310.9 1 0
github.com/yale/meta-cc/cmd/query_project_state.go:312.3,312.19 1 0
github.com/yale/meta-cc/cmd/query_project_state.go:315.2,315.23 1 0
github.com/yale/meta-cc/cmd/query_project_state.go:319.92,323.66 2 0
github.com/yale/meta-cc/cmd/query_project_state.go:323.66,325.51 2 0
github.com/yale/meta-cc/cmd/query_project_state.go:325.51,326.12 1 0
github.com/yale/meta-cc/cmd/query_project_state.go:329.3,330.47 2 0
github.com/yale/meta-cc/cmd/query_project_state.go:330.47,331.28 1 0
github.com/yale/meta-cc/cmd/query_project_state.go:331.28,333.5 1 0
github.com/yale/meta-cc/cmd/query_project_state.go:336.3,336.20 1 0
github.com/yale/meta-cc/cmd/query_project_state.go:336.20,338.4 1 0
github.com/yale/meta-cc/cmd/query_project_state.go:342.2,354.38 4 0
github.com/yale/meta-cc/cmd/query_project_state.go:354.38,355.36 1 0
github.com/yale/meta-cc/cmd/query_project_state.go:355.36,356.42 1 0
github.com/yale/meta-cc/cmd/query_project_state.go:356.42,358.5 1 0
github.com/yale/meta-cc/cmd/query_project_state.go:362.2,362.30 1 0
github.com/yale/meta-cc/cmd/query_project_state.go:366.98,378.63 4 0
github.com/yale/meta-cc/cmd/query_project_state.go:378.63,380.56 2 0
github.com/yale/meta-cc/cmd/query_project_state.go:380.56,381.12 1 0
github.com/yale/meta-cc/cmd/query_project_state.go:384.3,387.47 3 0
github.com/yale/meta-cc/cmd/query_project_state.go:387.47,388.28 1 0
github.com/yale/meta-cc/cmd/query_project_state.go:388.28,390.5 1 0
github.com/yale/meta-cc/cmd/query_project_state.go:393.3,393.47 1 0
github.com/yale/meta-cc/cmd/query_project_state.go:393.47,394.57 1 0
github.com/yale/meta-cc/cmd/query_project_state.go:394.57,397.31 2 0
github.com/yale/meta-cc/cmd/query_project_state.go:397.31,399.6 1 0
github.com/yale/meta-cc/cmd/query_project_state.go:400.5,401.10 2 0
github.com/yale/meta-cc/cmd/query_project_state.go:407.2,407.27 1 0
github.com/yale/meta-cc/cmd/query_project_state.go:407.27,409.3 1 0
github.com/yale/meta-cc/cmd/query_project_state.go:411.2,411.21 1 0
github.com/yale/meta-cc/cmd/query_project_state.go:415.48,416.26 1 0
github.com/yale/meta-cc/cmd/query_project_state.go:416.26,417.15 1 0
github.com/yale/meta-cc/cmd/query_project_state.go:417.15,419.4 1 0
github.com/yale/meta-cc/cmd/query_project_state.go:421.2,421.14 1 0
github.com/yale/meta-cc/cmd/query_project_state.go:424.25,428.2 3 0
github.com/yale/meta-cc/cmd/query_project_state.go:430.46,434.22 3 0
github.com/yale/meta-cc/cmd/query_project_state.go:434.22,436.3 1 0
github.com/yale/meta-cc/cmd/query_project_state.go:437.2,437.33 1 0
github.com/yale/meta-cc/cmd/query_project_state.go:440.64,444.29 3 0
github.com/yale/meta-cc/cmd/query_project_state.go:444.29,446.17 2 0
github.com/yale/meta-cc/cmd/query_project_state.go:446.17,449.4 2 0
github.com/yale/meta-cc/cmd/query_project_state.go:452.2,452.15 1 0
github.com/yale/meta-cc/cmd/query_project_state.go:455.60,463.33 5 0
github.com/yale/meta-cc/cmd/query_project_state.go:463.33,465.3 1 0
github.com/yale/meta-cc/cmd/query_project_state.go:465.8,468.42 3 0
github.com/yale/meta-cc/cmd/query_project_state.go:468.42,471.4 1 0
github.com/yale/meta-cc/cmd/query_project_state.go:472.3,472.23 1 0
github.com/yale/meta-cc/cmd/query_project_state.go:476.2,476.37 1 0
github.com/yale/meta-cc/cmd/query_project_state.go:476.37,480.47 4 0
github.com/yale/meta-cc/cmd/query_project_state.go:480.47,482.22 2 0
github.com/yale/meta-cc/cmd/query_project_state.go:482.22,484.5 1 0
github.com/yale/meta-cc/cmd/query_project_state.go:485.4,486.58 1 0
github.com/yale/meta-cc/cmd/query_project_state.go:488.3,488.23 1 0
github.com/yale/meta-cc/cmd/query_project_state.go:492.2,497.39 4 0
github.com/yale/meta-cc/cmd/query_project_state.go:497.39,499.56 2 0
github.com/yale/meta-cc/cmd/query_project_state.go:499.56,501.4 1 0
github.com/yale/meta-cc/cmd/query_project_state.go:504.2,505.12 2 0
github.com/yale/meta-cc/cmd/query_sequences.go:41.13,48.2 5 1
github.com/yale/meta-cc/cmd/query_sequences.go:50.65,57.16 3 0
github.com/yale/meta-cc/cmd/query_sequences.go:57.16,59.3 1 0
github.com/yale/meta-cc/cmd/query_sequences.go:62.2,64.16 3 0
github.com/yale/meta-cc/cmd/query_sequences.go:64.16,66.3 1 0
github.com/yale/meta-cc/cmd/query_sequences.go:69.2,70.16 2 0
github.com/yale/meta-cc/cmd/query_sequences.go:70.16,72.3 1 0
github.com/yale/meta-cc/cmd/query_sequences.go:75.2,76.16 2 0
github.com/yale/meta-cc/cmd/query_sequences.go:76.16,78.3 1 0
github.com/yale/meta-cc/cmd/query_sequences.go:81.2,81.26 1 0
github.com/yale/meta-cc/cmd/query_sequences.go:81.26,83.3 1 0
github.com/yale/meta-cc/cmd/query_sequences.go:85.2,85.26 1 0
github.com/yale/meta-cc/cmd/query_sequences.go:85.26,87.3 1 0
github.com/yale/meta-cc/cmd/query_sequences.go:90.2,90.26 1 0
github.com/yale/meta-cc/cmd/query_sequences.go:90.26,92.3 1 0
github.com/yale/meta-cc/cmd/query_sequences.go:95.2,97.31 3 0
github.com/yale/meta-cc/cmd/query_sequences.go:100.69,106.39 4 0
github.com/yale/meta-cc/cmd/query_sequences.go:106.39,112.27 4 0
github.com/yale/meta-cc/cmd/query_sequences.go:112.27,114.4 1 0
github.com/yale/meta-cc/cmd/query_sequences.go:115.3,115.29 1 0
github.com/yale/meta-cc/cmd/query_sequences.go:115.29,117.4 1 0
github.com/yale/meta-cc/cmd/query_sequences.go:118.3,118.24 1 0
github.com/yale/meta-cc/cmd/query_sequences.go:118.24,120.4 1 0
github.com/yale/meta-cc/cmd/query_sequences.go:122.3,122.31 1 0
github.com/yale/meta-cc/cmd/query_sequences.go:122.31,126.40 4 0
github.com/yale/meta-cc/cmd/query_sequences.go:126.40,129.5 1 0
github.com/yale/meta-cc/cmd/query_sequences.go:130.4,130.24 1 0
github.com/yale/meta-cc/cmd/query_sequences.go:134.2,135.12 2 0
github.com/yale/meta-cc/cmd/query_sequences.go:139.121,144.32 3 0
github.com/yale/meta-cc/cmd/query_sequences.go:144.32,145.27 1 0
github.com/yale/meta-cc/cmd/query_sequences.go:145.27,146.12 1 0
github.com/yale/meta-cc/cmd/query_sequences.go:149.3,149.47 1 0
github.com/yale/meta-cc/cmd/query_sequences.go:149.47,150.62 1 0
github.com/yale/meta-cc/cmd/query_sequences.go:150.62,151.75 1 0
github.com/yale/meta-cc/cmd/query_sequences.go:151.75,154.6 2 0
github.com/yale/meta-cc/cmd/query_sequences.go:160.2,161.39 2 0
github.com/yale/meta-cc/cmd/query_sequences.go:161.39,163.39 2 0
github.com/yale/meta-cc/cmd/query_sequences.go:163.39,164.59 1 0
github.com/yale/meta-cc/cmd/query_sequences.go:164.59,165.25 1 0
github.com/yale/meta-cc/cmd/query_sequences.go:165.25,167.11 2 0
github.com/yale/meta-cc/cmd/query_sequences.go:170.4,170.16 1 0
github.com/yale/meta-cc/cmd/query_sequences.go:170.16,171.10 1 0
github.com/yale/meta-cc/cmd/query_sequences.go:175.3,175.16 1 0
github.com/yale/meta-cc/cmd/query_sequences.go:175.16,177.4 1 0
github.com/yale/meta-cc/cmd/query_sequences.go:180.2,182.3 1 0
github.com/yale/meta-cc/cmd/query_sequences.go:186.114,192.32 4 0
github.com/yale/meta-cc/cmd/query_sequences.go:192.32,200.27 5 0
github.com/yale/meta-cc/cmd/query_sequences.go:200.27,201.12 1 0
github.com/yale/meta-cc/cmd/query_sequences.go:204.3,204.47 1 0
github.com/yale/meta-cc/cmd/query_sequences.go:204.47,205.62 1 0
github.com/yale/meta-cc/cmd/query_sequences.go:205.62,206.75 1 0
github.com/yale/meta-cc/cmd/query_sequences.go:206.75,208.6 1 0
github.com/yale/meta-cc/cmd/query_sequences.go:214.2,214.34 1 0
github.com/yale/meta-cc/cmd/query_sequences.go:214.34,220.39 4 0
github.com/yale/meta-cc/cmd/query_sequences.go:220.39,223.59 2 0
github.com/yale/meta-cc/cmd/query_sequences.go:223.59,224.25 1 0
github.com/yale/meta-cc/cmd/query_sequences.go:224.25,226.11 2 0
github.com/yale/meta-cc/cmd/query_sequences.go:230.4,230.17 1 0
github.com/yale/meta-cc/cmd/query_sequences.go:230.17,232.5 1 0
github.com/yale/meta-cc/cmd/query_sequences.go:235.4,237.32 3 0
github.com/yale/meta-cc/cmd/query_sequences.go:237.32,240.5 2 0
github.com/yale/meta-cc/cmd/query_sequences.go:244.3,244.31 1 0
github.com/yale/meta-cc/cmd/query_sequences.go:244.31,246.4 1 0
github.com/yale/meta-cc/cmd/query_sequences.go:249.3,249.31 1 0
github.com/yale/meta-cc/cmd/query_sequences.go:249.31,251.4 1 0
github.com/yale/meta-cc/cmd/query_sequences.go:254.3,254.54 1 0
github.com/yale/meta-cc/cmd/query_sequences.go:257.2,257.15 1 0
github.com/yale/meta-cc/cmd/query_sequences.go:261.78,265.32 3 0
github.com/yale/meta-cc/cmd/query_sequences.go:265.32,266.24 1 0
github.com/yale/meta-cc/cmd/query_sequences.go:266.24,269.4 2 0
github.com/yale/meta-cc/cmd/query_sequences.go:272.2,272.18 1 0
github.com/yale/meta-cc/cmd/query_sequences.go:276.54,287.42 3 0
github.com/yale/meta-cc/cmd/query_sequences.go:287.42,289.36 2 0
github.com/yale/meta-cc/cmd/query_sequences.go:289.36,290.40 1 0
github.com/yale/meta-cc/cmd/query_sequences.go:290.40,292.5 1 0
github.com/yale/meta-cc/cmd/query_sequences.go:295.3,295.36 1 0
github.com/yale/meta-cc/cmd/query_sequences.go:295.36,297.4 1 0
github.com/yale/meta-cc/cmd/query_sequences.go:300.2,300.11 1 0
github.com/yale/meta-cc/cmd/query_successful_prompts.go:36.13,40.2 2 1
github.com/yale/meta-cc/cmd/query_successful_prompts.go:42.73,49.16 3 0
github.com/yale/meta-cc/cmd/query_successful_prompts.go:49.16,51.3 1 0
github.com/yale/meta-cc/cmd/query_successful_prompts.go:54.2,56.16 3 0
github.com/yale/meta-cc/cmd/query_successful_prompts.go:56.16,58.3 1 0
github.com/yale/meta-cc/cmd/query_successful_prompts.go:61.2,62.16 2 0
github.com/yale/meta-cc/cmd/query_successful_prompts.go:62.16,64.3 1 0
github.com/yale/meta-cc/cmd/query_successful_prompts.go:67.2,67.26 1 0
github.com/yale/meta-cc/cmd/query_successful_prompts.go:67.26,69.3 1 0
github.com/yale/meta-cc/cmd/query_successful_prompts.go:72.2,74.31 3 0
github.com/yale/meta-cc/cmd/query_successful_prompts.go:114.125,121.32 3 0
github.com/yale/meta-cc/cmd/query_successful_prompts.go:121.32,122.51 1 0
github.com/yale/meta-cc/cmd/query_successful_prompts.go:122.51,123.12 1 0
github.com/yale/meta-cc/cmd/query_successful_prompts.go:127.3,128.47 2 0
github.com/yale/meta-cc/cmd/query_successful_prompts.go:128.47,129.28 1 0
github.com/yale/meta-cc/cmd/query_successful_prompts.go:129.28,131.5 1 0
github.com/yale/meta-cc/cmd/query_successful_prompts.go:134.3,134.23 1 0
github.com/yale/meta-cc/cmd/query_successful_prompts.go:134.23,135.12 1 0
github.com/yale/meta-cc/cmd/query_successful_prompts.go:138.3,147.32 4 0
github.com/yale/meta-cc/cmd/query_successful_prompts.go:147.32,148.12 1 0
github.com/yale/meta-cc/cmd/query_successful_prompts.go:152.3,164.5 3 0
github.com/yale/meta-cc/cmd/query_successful_prompts.go:168.2,168.36 1 0
github.com/yale/meta-cc/cmd/query_successful_prompts.go:168.36,169.41 1 0
github.com/yale/meta-cc/cmd/query_successful_prompts.go:169.41,170.57 1 0
github.com/yale/meta-cc/cmd/query_successful_prompts.go:170.57,172.5 1 0
github.com/yale/meta-cc/cmd/query_successful_prompts.go:177.2,177.39 1 0
github.com/yale/meta-cc/cmd/query_successful_prompts.go:177.39,179.3 1 0
github.com/yale/meta-cc/cmd/query_successful_prompts.go:181.2,183.8 1 0
github.com/yale/meta-cc/cmd/query_successful_prompts.go:187.123,198.51 4 0
github.com/yale/meta-cc/cmd/query_successful_prompts.go:198.51,202.27 2 0
github.com/yale/meta-cc/cmd/query_successful_prompts.go:202.27,206.28 2 0
github.com/yale/meta-cc/cmd/query_successful_prompts.go:206.28,208.49 2 0
github.com/yale/meta-cc/cmd/query_successful_prompts.go:208.49,209.30 1 0
github.com/yale/meta-cc/cmd/query_successful_prompts.go:209.30,211.7 1 0
github.com/yale/meta-cc/cmd/query_successful_prompts.go:214.5,215.117 2 0
github.com/yale/meta-cc/cmd/query_successful_prompts.go:215.117,217.6 1 0
github.com/yale/meta-cc/cmd/query_successful_prompts.go:219.4,219.9 1 0
github.com/yale/meta-cc/cmd/query_successful_prompts.go:223.3,223.27 1 0
github.com/yale/meta-cc/cmd/query_successful_prompts.go:223.27,224.48 1 0
github.com/yale/meta-cc/cmd/query_successful_prompts.go:224.48,225.63 1 0
github.com/yale/meta-cc/cmd/query_successful_prompts.go:225.63,226.76 1 0
github.com/yale/meta-cc/cmd/query_successful_prompts.go:226.76,228.7 1 0
github.com/yale/meta-cc/cmd/query_successful_prompts.go:234.3,234.27 1 0
github.com/yale/meta-cc/cmd/query_successful_prompts.go:234.27,235.48 1 0
github.com/yale/meta-cc/cmd/query_successful_prompts.go:235.48,236.57 1 0
github.com/yale/meta-cc/cmd/query_successful_prompts.go:236.57,237.71 1 0
github.com/yale/meta-cc/cmd/query_successful_prompts.go:237.71,238.72 1 0
github.com/yale/meta-cc/cmd/query_successful_prompts.go:238.72,239.53 1 0
github.com/yale/meta-cc/cmd/query_successful_prompts.go:239.53,241.9 1 0
github.com/yale/meta-cc/cmd/query_successful_prompts.go:248.3,248.34 1 0
github.com/yale/meta-cc/cmd/query_successful_prompts.go:252.2,255.33 2 0
github.com/yale/meta-cc/cmd/query_successful_prompts.go:255.33,256.63 1 0
github.com/yale/meta-cc/cmd/query_successful_prompts.go:256.63,258.4 1 0
github.com/yale/meta-cc/cmd/query_successful_prompts.go:258.9,258.36 1 0
github.com/yale/meta-cc/cmd/query_successful_prompts.go:258.36,260.4 1 0
github.com/yale/meta-cc/cmd/query_successful_prompts.go:263.2,263.25 1 0
github.com/yale/meta-cc/cmd/query_successful_prompts.go:267.78,271.29 2 0
github.com/yale/meta-cc/cmd/query_successful_prompts.go:271.29,273.3 1 0
github.com/yale/meta-cc/cmd/query_successful_prompts.go:273.8,276.3 2 0
github.com/yale/meta-cc/cmd/query_successful_prompts.go:279.2,279.34 1 0
github.com/yale/meta-cc/cmd/query_successful_prompts.go:279.34,281.3 1 0
github.com/yale/meta-cc/cmd/query_successful_prompts.go:281.8,281.41 1 0
github.com/yale/meta-cc/cmd/query_successful_prompts.go:281.41,283.3 1 0
github.com/yale/meta-cc/cmd/query_successful_prompts.go:283.8,283.42 1 0
github.com/yale/meta-cc/cmd/query_successful_prompts.go:283.42,285.3 1 0
github.com/yale/meta-cc/cmd/query_successful_prompts.go:288.2,288.35 1 0
github.com/yale/meta-cc/cmd/query_successful_prompts.go:288.35,290.3 1 0
github.com/yale/meta-cc/cmd/query_successful_prompts.go:293.2,293.33 1 0
github.com/yale/meta-cc/cmd/query_successful_prompts.go:293.33,295.3 1 0
github.com/yale/meta-cc/cmd/query_successful_prompts.go:297.2,297.14 1 0
github.com/yale/meta-cc/cmd/query_successful_prompts.go:301.60,307.75 3 0
github.com/yale/meta-cc/cmd/query_successful_prompts.go:307.75,309.3 1 0
github.com/yale/meta-cc/cmd/query_successful_prompts.go:309.8,309.45 1 0
github.com/yale/meta-cc/cmd/query_successful_prompts.go:309.45,311.3 1 0
github.com/yale/meta-cc/cmd/query_successful_prompts.go:314.2,322.44 2 0
github.com/yale/meta-cc/cmd/query_successful_prompts.go:322.44,323.36 1 0
github.com/yale/meta-cc/cmd/query_successful_prompts.go:323.36,324.40 1 0
github.com/yale/meta-cc/cmd/query_successful_prompts.go:324.40,326.10 2 0
github.com/yale/meta-cc/cmd/query_successful_prompts.go:329.3,329.29 1 0
github.com/yale/meta-cc/cmd/query_successful_prompts.go:329.29,330.9 1 0
github.com/yale/meta-cc/cmd/query_successful_prompts.go:334.2,334.16 1 0
github.com/yale/meta-cc/cmd/query_successful_prompts.go:338.64,345.35 4 0
github.com/yale/meta-cc/cmd/query_successful_prompts.go:345.35,346.36 1 0
github.com/yale/meta-cc/cmd/query_successful_prompts.go:346.36,348.9 2 0
github.com/yale/meta-cc/cmd/query_successful_prompts.go:353.2,354.45 2 0
github.com/yale/meta-cc/cmd/query_successful_prompts.go:354.45,355.39 1 0
github.com/yale/meta-cc/cmd/query_successful_prompts.go:355.39,357.9 2 0
github.com/yale/meta-cc/cmd/query_successful_prompts.go:362.2,363.43 2 0
github.com/yale/meta-cc/cmd/query_successful_prompts.go:363.43,364.39 1 0
github.com/yale/meta-cc/cmd/query_successful_prompts.go:364.39,366.9 2 0
github.com/yale/meta-cc/cmd/query_successful_prompts.go:371.2,372.42 2 0
github.com/yale/meta-cc/cmd/query_successful_prompts.go:372.42,373.39 1 0
github.com/yale/meta-cc/cmd/query_successful_prompts.go:373.39,375.9 2 0
github.com/yale/meta-cc/cmd/query_successful_prompts.go:379.2,379.17 1 0
github.com/yale/meta-cc/cmd/query_successful_prompts.go:383.55,384.35 1 0
github.com/yale/meta-cc/cmd/query_successful_prompts.go:384.35,385.38 1 0
github.com/yale/meta-cc/cmd/query_successful_prompts.go:385.38,387.4 1 0
github.com/yale/meta-cc/cmd/query_successful_prompts.go:389.2,389.14 1 0
github.com/yale/meta-cc/cmd/query_successful_prompts.go:392.32,393.11 1 0
github.com/yale/meta-cc/cmd/query_successful_prompts.go:393.11,395.3 1 0
github.com/yale/meta-cc/cmd/query_successful_prompts.go:396.2,396.10 1 0
github.com/yale/meta-cc/cmd/query_successful_prompts.go:399.77,405.40 4 0
github.com/yale/meta-cc/cmd/query_successful_prompts.go:405.40,413.66 4 0
github.com/yale/meta-cc/cmd/query_successful_prompts.go:413.66,415.34 2 0
github.com/yale/meta-cc/cmd/query_successful_prompts.go:415.34,417.5 1 0
github.com/yale/meta-cc/cmd/query_successful_prompts.go:418.4,418.37 1 0
github.com/yale/meta-cc/cmd/query_successful_prompts.go:418.37,420.5 1 0
github.com/yale/meta-cc/cmd/query_successful_prompts.go:421.4,421.24 1 0
github.com/yale/meta-cc/cmd/query_successful_prompts.go:425.3,429.43 5 0
github.com/yale/meta-cc/cmd/query_successful_prompts.go:429.43,431.4 1 0
github.com/yale/meta-cc/cmd/query_successful_prompts.go:432.3,441.28 7 0
github.com/yale/meta-cc/cmd/query_successful_prompts.go:444.2,445.12 2 0
github.com/yale/meta-cc/cmd/query_tools.go:38.13,45.2 4 1
github.com/yale/meta-cc/cmd/query_tools.go:47.61,54.16 3 0
github.com/yale/meta-cc/cmd/query_tools.go:54.16,56.3 1 0
github.com/yale/meta-cc/cmd/query_tools.go:58.2,60.16 3 0
github.com/yale/meta-cc/cmd/query_tools.go:60.16,62.3 1 0
github.com/yale/meta-cc/cmd/query_tools.go:65.2,69.16 3 0
github.com/yale/meta-cc/cmd/query_tools.go:69.16,71.3 1 0
github.com/yale/meta-cc/cmd/query_tools.go:74.2,74.23 1 0
github.com/yale/meta-cc/cmd/query_tools.go:74.23,76.3 1 0
github.com/yale/meta-cc/cmd/query_tools.go:79.2,79.22 1 0
github.com/yale/meta-cc/cmd/query_tools.go:79.22,81.17 2 0
github.com/yale/meta-cc/cmd/query_tools.go:81.17,83.4 1 0
github.com/yale/meta-cc/cmd/query_tools.go:86.3,88.13 3 0
github.com/yale/meta-cc/cmd/query_tools.go:93.2,95.34 3 0
github.com/yale/meta-cc/cmd/query_tools.go:95.34,97.3 1 0
github.com/yale/meta-cc/cmd/query_tools.go:98.2,98.36 1 0
github.com/yale/meta-cc/cmd/query_tools.go:98.36,100.3 1 0
github.com/yale/meta-cc/cmd/query_tools.go:102.2,112.22 5 0
github.com/yale/meta-cc/cmd/query_tools.go:113.14,114.54 1 0
github.com/yale/meta-cc/cmd/query_tools.go:115.24,116.58 1 0
github.com/yale/meta-cc/cmd/query_tools.go:117.10,118.67 1 0
github.com/yale/meta-cc/cmd/query_tools.go:121.2,121.22 1 0
github.com/yale/meta-cc/cmd/query_tools.go:121.22,123.3 1 0
github.com/yale/meta-cc/cmd/query_tools.go:125.2,126.12 2 0
github.com/yale/meta-cc/cmd/query_tools.go:129.79,133.27 2 0
github.com/yale/meta-cc/cmd/query_tools.go:133.27,135.17 2 0
github.com/yale/meta-cc/cmd/query_tools.go:135.17,137.4 1 0
github.com/yale/meta-cc/cmd/query_tools.go:138.3,138.43 1 0
github.com/yale/meta-cc/cmd/query_tools.go:142.2,142.31 1 0
github.com/yale/meta-cc/cmd/query_tools.go:142.31,144.29 1 0
github.com/yale/meta-cc/cmd/query_tools.go:144.29,145.35 1 0
github.com/yale/meta-cc/cmd/query_tools.go:145.35,146.47 1 0
github.com/yale/meta-cc/cmd/query_tools.go:146.47,147.14 1 0
github.com/yale/meta-cc/cmd/query_tools.go:149.10,149.44 1 0
github.com/yale/meta-cc/cmd/query_tools.go:149.44,150.47 1 0
github.com/yale/meta-cc/cmd/query_tools.go:150.47,151.14 1 0
github.com/yale/meta-cc/cmd/query_tools.go:157.3,157.60 1 0
github.com/yale/meta-cc/cmd/query_tools.go:157.60,158.12 1 0
github.com/yale/meta-cc/cmd/query_tools.go:162.3,162.30 1 0
github.com/yale/meta-cc/cmd/query_tools.go:165.2,165.20 1 0
github.com/yale/meta-cc/cmd/query_tools.go:168.78,169.44 1 0
github.com/yale/meta-cc/cmd/query_tools.go:169.44,172.17 2 0
github.com/yale/meta-cc/cmd/query_tools.go:173.15,174.56 1 0
github.com/yale/meta-cc/cmd/query_tools.go:175.17,176.52 1 0
github.com/yale/meta-cc/cmd/query_tools.go:177.15,178.48 1 0
github.com/yale/meta-cc/cmd/query_tools.go:179.11,181.56 1 0
github.com/yale/meta-cc/cmd/query_tools.go:184.3,184.14 1 0
github.com/yale/meta-cc/cmd/query_tools.go:184.14,186.4 1 0
github.com/yale/meta-cc/cmd/query_tools.go:187.3,187.14 1 0
github.com/yale/meta-cc/cmd/root.go:34.47,36.3 1 0
github.com/yale/meta-cc/cmd/root.go:39.22,41.2 1 0
github.com/yale/meta-cc/cmd/root.go:43.13,64.2 12 1
github.com/yale/meta-cc/cmd/root.go:66.19,68.2 1 1
